
 1 AUG 1650 F26-P035/E01-1 $? #1427-KL CRA001, StopPC/PAGWK2  M02625 Key: 75660
            CH3/LRFPRX+2

 2 AUG 0848 F26-P035/E01-1 $? #1427-KL CRA003, StopPC/PAGWK2  M02625 Key: 75660
            CH3/PCBIO:PAGIMD+24

 2 AUG 1018 F26-P035/E01-1 $? #1427-KL CRA004, StopPC/PAGWK2  M02625 Key: 75660
            CH3/CLPTW

 5 AUG 0052 F26-P035/E01-1 $? #1427-KL CRA005, StopPC/RCCSTP+6  M02625
            Key: 75660

10 AUG 0946 F26-P035/E01-1 $? #1427-KL CRA006, StopPC/PAGWK2  M02625 Key: 75660
            CH3/CORE1:VPGSX+2

10 AUG 1257 F26-P035/E01-1 $? #1427-KL CRA007, StopPC/PAGWK2  M02625 Key: 75660
            CH3/MAPIO:UNLFL4+1

15 AUG 1050 F26-P035/E01-1 $? #1427-KL CRA008, StopPC/PAGWK2  M02625 Key: 75660
            CH3/REMWAT

17 AUG 1556 F26-P035/E01-1 $? #1427-KL CRA009, StopPC/PCBIO:MAPAL3+3  M02625
            Key: 75660

28 AUG 1800 F26-P035/E01-1 $? #1427-KL CRA010, StopPC/PAGWK2  M02625 Key: 75660
            CH3/SETLMX+1

13 SEP 1825 F26-P035/E01-1 $? #1427-KL CRA002, StopPC/UFDER1  M02625 Key: 75660

20 SEP 1340 F26-P035/E01-1 $? #1427-KL CRA011, StopPC/PCBIO:MAPAL3+3  M02625
            Key: 75660
