23aug94 17:07:00 #46 (FREITAS2) RUN (SYS)LOGOUT
23aug94 17:07:00 #46 (FREITAS2) RUNLIC 547000,,0
23aug94 17:07:01 #46 (FREITAS2) LOGOUT TRUs = 49.2
23aug94 17:09:01 #41 (FLMTECH) RUN (SYS)LOGOUT
23aug94 17:09:01 #41 (FLMTECH) RUNLIC 547012,,40012
23aug94 17:09:01 #41 (FLMTECH) RUN (MPL)ZEN
23aug94 17:09:01 #41 (FLMTECH) RUNLIC 40012,,40012
23aug94 17:09:01 #41 (FLMTECH) RUN (SYS)LOGOUT
23aug94 17:09:01 #41 (FLMTECH) RUNLIC 547012,,40012
23aug94 17:09:01 #41 (FLMTECH) LOGOUT TRUs = 381.5
23aug94 17:13:00 #42 (FLMTECH) RUN (SYS)LOGOUT
23aug94 17:13:00 #42 (FLMTECH) RUNLIC 547000,,0
23aug94 17:13:00 #42 (FLMTECH) RUN (MPL)ZEN
23aug94 17:13:00 #42 (FLMTECH) RUN (SYS)LOGOUT
23aug94 17:13:00 #42 (FLMTECH) RUNLIC 547000,,0
23aug94 17:13:01 #42 (FLMTECH) LOGOUT TRUs = 297.6
23aug94 17:23:11 #44 (FLMTECH) LOGIN Malvern-PA:0 TID=1200
23aug94 17:23:12 #44 (FLMTECH) RUN (FLMTECH)INIT
23aug94 17:23:13 #44 (FLMTECH) RUN (SYS)OPER
23aug94 17:23:13 #44 (FLMTECH) RUNLIC 775717,,0
23aug94 17:23:16 #44 (FLMTECH) SETLIC (SYS)OPER LIC=775717,,40012
23aug94 17:23:16 #44 (FLMTECH) TATTLE OPER JAPARKER 775612 (40012) okay
23aug94 17:23:16 #44 (FLMTECH) NEXIT (SYS)OPER
23aug94 17:23:21 #44 (FLMTECH) RUN (SYS)GFD
23aug94 17:23:21 #44 (FLMTECH) RUNLIC 45012,,40012
23aug94 17:23:22 #44 (FLMTECH) NEXIT (SYS)GFD
23aug94 17:23:24 #44 (FLMTECH) RUN (TNT)PAPER
23aug94 17:23:24 #44 (FLMTECH) RUNLIC 40012,,40012
23aug94 17:23:24 #44 (FLMTECH) SETNAM 1022F4
23aug94 17:36:58 #10 (FLMTECH) LOGIN Malvern-PA:0 TID=1200
23aug94 17:36:58 #10 (FLMTECH) RUN (FLMTECH)INIT
23aug94 17:37:02 #10 (FLMTECH) RUN (TNT)PAPER
23aug94 17:37:02 #10 (FLMTECH) RUNLIC 12,,0
23aug94 17:37:03 #10 (FLMTECH) SETNAM 1022F4
23aug94 18:12:01 #10 (FLMTECH) RUN (SYS)LOGOUT
23aug94 18:12:01 #10 (FLMTECH) RUNLIC 547000,,0
23aug94 18:12:01 #10 (FLMTECH) RUN (MPL)ZEN
23aug94 18:12:01 #10 (FLMTECH) RUN (SYS)LOGOUT
23aug94 18:12:01 #10 (FLMTECH) RUNLIC 547000,,0
23aug94 18:12:01 #10 (FLMTECH) LOGOUT TRUs = 353.7
23aug94 18:12:43 #10 (FLMTECH) LOGIN Malvern-PA:0 TID=1200
23aug94 18:12:43 #10 (FLMTECH) RUN (FLMTECH)INIT
23aug94 18:14:00 #10 (FLMTECH) RUN (TNT)PAPER
23aug94 18:14:00 #10 (FLMTECH) RUNLIC 12,,0
23aug94 18:14:01 #10 (FLMTECH) SETNAM 1022F4
23aug94 18:43:04 #59 (FLMTECH) LOGIN Malvern-PA:0 TID=1200
23aug94 18:43:05 #59 (FLMTECH) RUN (FLMTECH)INIT
23aug94 18:43:15 #59 (FLMTECH) RUN (TNT)PAPER
23aug94 18:43:15 #59 (FLMTECH) RUNLIC 12,,0
23aug94 18:43:16 #59 (FLMTECH) SETNAM 1022F4
23aug94 19:01:00 #10 (FLMTECH) RUN (SYS)LOGOUT
23aug94 19:01:00 #10 (FLMTECH) RUNLIC 547000,,0
23aug94 19:01:01 #44 (FLMTECH) RUN (SYS)LOGOUT
23aug94 19:01:01 #44 (FLMTECH) RUNLIC 547012,,40012
23aug94 19:01:01 #10 (FLMTECH) RUN (MPL)ZEN
23aug94 19:01:01 #44 (FLMTECH) RUN (MPL)ZEN
23aug94 19:01:01 #44 (FLMTECH) RUNLIC 40012,,40012
23aug94 19:01:01 #44 (FLMTECH) RUN (SYS)LOGOUT
23aug94 19:01:01 #44 (FLMTECH) RUNLIC 547012,,40012
23aug94 19:01:01 #44 (FLMTECH) LOGOUT TRUs = 2083.0
23aug94 19:01:01 #10 (FLMTECH) RUN (SYS)LOGOUT
23aug94 19:01:01 #10 (FLMTECH) RUNLIC 547000,,0
23aug94 19:01:01 #10 (FLMTECH) LOGOUT TRUs = 680.6
23aug94 19:15:09 #16 (FLMTECH) LOGIN Malvern-PA:0 TID=1200
23aug94 19:15:10 #16 (FLMTECH) RUN (FLMTECH)INIT
23aug94 19:15:14 #16 (FLMTECH) RUN (TNT)PAPER
23aug94 19:15:14 #16 (FLMTECH) RUNLIC 12,,0
23aug94 19:15:15 #16 (FLMTECH) SETNAM 1022F4
23aug94 19:32:00 #16 (FLMTECH) RUN (SYS)LOGOUT
23aug94 19:32:00 #16 (FLMTECH) RUNLIC 547000,,0
23aug94 19:32:01 #16 (FLMTECH) RUN (MPL)ZEN
23aug94 19:32:01 #16 (FLMTECH) RUN (SYS)LOGOUT
23aug94 19:32:01 #16 (FLMTECH) RUNLIC 547000,,0
23aug94 19:32:01 #16 (FLMTECH) LOGOUT TRUs = 184.5
23aug94 19:33:47 #15 (FLMTECH) LOGIN Malvern-PA:0 TID=1200
23aug94 19:33:47 #15 (FLMTECH) RUN (FLMTECH)INIT
23aug94 19:34:00 #15 (FLMTECH) RUN (TNT)PAPER
23aug94 19:34:00 #15 (FLMTECH) RUNLIC 12,,0
23aug94 19:34:01 #15 (FLMTECH) SETNAM 1022F4
23aug94 20:10:00 #15 (FLMTECH) RUN (SYS)LOGOUT
23aug94 20:10:00 #15 (FLMTECH) RUNLIC 547000,,0
23aug94 20:10:00 #15 (FLMTECH) RUN (MPL)ZEN
23aug94 20:10:00 #15 (FLMTECH) RUN (SYS)LOGOUT
23aug94 20:10:00 #15 (FLMTECH) RUNLIC 547000,,0
23aug94 20:10:00 #15 (FLMTECH) LOGOUT TRUs = 454.3
24aug94  4:54:45 #37 (FLMTECH) LOGIN  -02443-  :0 TID=1200
24aug94  4:54:46 #37 (FLMTECH) RUN (FLMTECH)INIT
24aug94  4:54:50 #37 (FLMTECH) RUN (TNT)PAPER
24aug94  4:54:50 #37 (FLMTECH) RUNLIC 12,,0
24aug94  4:54:50 #37 (FLMTECH) SETNAM 1022F4
24aug94  4:59:49 #15 (FLMTECH) LOGIN Malvern-PA:0 TID=1200
24aug94  4:59:49 #15 (FLMTECH) RUN (FLMTECH)INIT
24aug94  5:00:15 #15 (FLMTECH) RUN (SYS)RPG
24aug94  5:00:15 #15 (FLMTECH) RUNLIC 2000,,0
24aug94  5:00:15 #15 (FLMTECH) NEXIT (SYS)RPG
24aug94  5:00:20 #15 (FLMTECH) RUN (TNT)PAPER
24aug94  5:00:20 #15 (FLMTECH) RUNLIC 12,,0
24aug94  5:00:20 #15 (FLMTECH) SETNAM 1022F4
24aug94  5:16:01 #37 (FLMTECH) RUN (SYS)LOGOUT
24aug94  5:16:01 #37 (FLMTECH) RUNLIC 547000,,0
24aug94  5:16:01 #37 (FLMTECH) RUN (MPL)ZEN
24aug94  5:16:01 #37 (FLMTECH) RUN (SYS)LOGOUT
24aug94  5:16:01 #37 (FLMTECH) RUNLIC 547000,,0
24aug94  5:16:01 #37 (FLMTECH) LOGOUT TRUs = 406.8
24aug94  5:22:01 #15 (FLMTECH) RUN (SYS)LOGOUT
24aug94  5:22:01 #15 (FLMTECH) RUNLIC 547000,,0
24aug94  5:22:01 #15 (FLMTECH) RUN (MPL)ZEN
24aug94  5:22:01 #15 (FLMTECH) RUN (SYS)LOGOUT
24aug94  5:22:01 #15 (FLMTECH) RUNLIC 547000,,0
24aug94  5:22:01 #15 (FLMTECH) LOGOUT TRUs = 139.3
24aug94  5:26:15 #81 (FLMTECH) LOGIN Malvern-PA:0 TID=1200
24aug94  5:26:15 #81 (FLMTECH) RUN (FLMTECH)INIT
24aug94  5:26:39 #81 (FLMTECH) RUN (SYS)RPG
24aug94  5:26:39 #81 (FLMTECH) RUNLIC 2000,,0
24aug94  5:26:39 #81 (FLMTECH) NEXIT (SYS)RPG
24aug94  5:27:17 #81 (FLMTECH) RUN (TNT)PAPER
24aug94  5:27:17 #81 (FLMTECH) RUNLIC 12,,0
24aug94  5:27:17 #81 (FLMTECH) SETNAM 1022F4
24aug94  5:38:33 #21 (FLMTECH) LOGIN  -02443-  :0 TID=1200
24aug94  5:38:34 #21 (FLMTECH) RUN (FLMTECH)INIT
24aug94  5:38:42 #21 (FLMTECH) RUN (TNT)PAPER
24aug94  5:38:42 #21 (FLMTECH) RUNLIC 12,,0
24aug94  5:38:44 #21 (FLMTECH) SETNAM 1022F4
24aug94  5:46:02 #81 (FLMTECH) RUN (SYS)LOGOUT
24aug94  5:46:02 #81 (FLMTECH) RUNLIC 547000,,0
24aug94  5:46:02 #81 (FLMTECH) RUN (MPL)ZEN
24aug94  5:46:02 #81 (FLMTECH) RUN (SYS)LOGOUT
24aug94  5:46:02 #81 (FLMTECH) RUNLIC 547000,,0
24aug94  5:46:02 #81 (FLMTECH) LOGOUT TRUs = 167.4
24aug94  5:56:40 #62 (FLMTECH) LOGIN Malvern-PA:0 TID=1200
24aug94  5:56:41 #62 (FLMTECH) RUN (FLMTECH)INIT
24aug94  5:57:22 #62 (FLMTECH) RUN (SYS)LOGOUT
24aug94  5:57:22 #62 (FLMTECH) RUNLIC 547000,,0
24aug94  5:57:22 #62 (FLMTECH) RUN (MPL)ZEN
24aug94  5:57:22 #62 (FLMTECH) RUN (SYS)LOGOUT
24aug94  5:57:22 #62 (FLMTECH) RUNLIC 547000,,0
24aug94  5:57:22 #62 (FLMTECH) LOGOUT TRUs = 5.5
24aug94  5:57:34 #14 (FLMTECH) LOGIN Malvern-PA:0 TID=1200
24aug94  5:57:35 #14 (FLMTECH) RUN (FLMTECH)INIT
24aug94  5:58:01 #14 (FLMTECH) RUN (SYS)LOGOUT
24aug94  5:58:01 #14 (FLMTECH) RUNLIC 547000,,0
24aug94  5:58:01 #14 (FLMTECH) RUN (MPL)ZEN
24aug94  5:58:01 #14 (FLMTECH) RUN (SYS)LOGOUT
24aug94  5:58:01 #14 (FLMTECH) RUNLIC 547000,,0
24aug94  5:58:01 #14 (FLMTECH) LOGOUT TRUs = 5.5
24aug94  5:58:26 #11 (FLMTECH) LOGIN Malvern-PA:0 TID=1200
24aug94  5:58:26 #11 (FLMTECH) RUN (FLMTECH)INIT
24aug94  5:58:35 #11 (FLMTECH) RUN (TNT)PAPER
24aug94  5:58:35 #11 (FLMTECH) RUNLIC 12,,0
24aug94  5:58:37 #11 (FLMTECH) SETNAM 1022F4
24aug94  6:15:02 #11 (FLMTECH) RUN (SYS)LOGOUT
24aug94  6:15:02 #11 (FLMTECH) RUNLIC 547000,,0
24aug94  6:15:02 #11 (FLMTECH) RUN (MPL)ZEN
24aug94  6:15:02 #11 (FLMTECH) RUN (SYS)LOGOUT
24aug94  6:15:02 #11 (FLMTECH) RUNLIC 547000,,0
24aug94  6:15:02 #11 (FLMTECH) LOGOUT TRUs = 199.8
24aug94  6:16:34 #89 (FLMTECH) LOGIN Malvern-PA:0 TID=1200
24aug94  6:16:35 #89 (FLMTECH) RUN (FLMTECH)INIT
24aug94  6:16:39 #89 (FLMTECH) RUN (SYS)RPG
24aug94  6:16:39 #89 (FLMTECH) RUNLIC 2000,,0
24aug94  6:16:39 #89 (FLMTECH) NEXIT (SYS)RPG
24aug94  6:16:45 #89 (FLMTECH) RUN (TNT)PAPER
24aug94  6:16:45 #89 (FLMTECH) RUNLIC 12,,0
24aug94  6:16:45 #89 (FLMTECH) SETNAM 1022F4
24aug94  6:22:39 #60 (FLMTECH) LOGIN Malvern-PA:0 TID=1200
24aug94  6:22:39 #60 (FLMTECH) RUN (FLMTECH)INIT
24aug94  6:22:42 #60 (FLMTECH) RUN (SYS)RPG
24aug94  6:22:42 #60 (FLMTECH) RUNLIC 2000,,0
24aug94  6:22:42 #60 (FLMTECH) NEXIT (SYS)RPG
24aug94  6:31:35 #60 (FLMTECH) RUN (TNT)PAPER
24aug94  6:31:35 #60 (FLMTECH) RUNLIC 12,,0
24aug94  6:31:36 #60 (FLMTECH) SETNAM 1022F4
24aug94  6:33:01 #89 (FLMTECH) RUN (SYS)LOGOUT
24aug94  6:33:01 #89 (FLMTECH) RUNLIC 547000,,0
24aug94  6:33:01 #89 (FLMTECH) RUN (MPL)ZEN
24aug94  6:33:02 #89 (FLMTECH) RUN (SYS)LOGOUT
24aug94  6:33:02 #89 (FLMTECH) RUNLIC 547000,,0
24aug94  6:33:02 #89 (FLMTECH) LOGOUT TRUs = 207.3
24aug94  6:36:38 #85 (FLMTECH) LOGIN Malvern-PA:0 TID=1200
24aug94  6:36:39 #85 (FLMTECH) RUN (FLMTECH)INIT
24aug94  6:36:49 #85 (FLMTECH) RUN (TNT)PAPER
24aug94  6:36:49 #85 (FLMTECH) RUNLIC 12,,0
24aug94  6:36:49 #85 (FLMTECH) SETNAM 1022F4
24aug94  6:38:27 #95 (FLMTECH) LOGIN Malvern-PA:0 TID=1200
24aug94  6:38:28 #95 (FLMTECH) RUN (FLMTECH)INIT
24aug94  6:38:31 #95 (FLMTECH) RUN (SYS)RPG
24aug94  6:38:31 #95 (FLMTECH) RUNLIC 2000,,0
24aug94  6:38:31 #95 (FLMTECH) NEXIT (SYS)RPG
24aug94  6:38:34 #95 (FLMTECH) RUN (TNT)PAPER
24aug94  6:38:34 #95 (FLMTECH) RUNLIC 12,,0
24aug94  6:38:35 #95 (FLMTECH) SETNAM 1022F4
24aug94  6:40:05 #21 (FLMTECH) RUN (SYS)LOGOUT
24aug94  6:40:05 #21 (FLMTECH) RUNLIC 547000,,0
24aug94  6:40:06 #21 (FLMTECH) RUN (MPL)ZEN
24aug94  6:40:06 #21 (FLMTECH) RUN (SYS)LOGOUT
24aug94  6:40:06 #21 (FLMTECH) RUNLIC 547000,,0
24aug94  6:40:06 #21 (FLMTECH) LOGOUT TRUs = 1130.4
24aug94  6:45:22 #20 (FLMTECH) LOGIN  -02443-  :0 TID=1200
24aug94  6:45:23 #20 (FLMTECH) RUN (FLMTECH)INIT
24aug94  6:45:33 #20 (FLMTECH) RUN (TNT)PAPER
24aug94  6:45:33 #20 (FLMTECH) RUNLIC 12,,0
24aug94  6:45:35 #20 (FLMTECH) SETNAM 1022F4
24aug94  6:46:55 #70 (FLMTECH) LOGIN Malvern-PA:0 TID=1200
24aug94  6:46:56 #70 (FLMTECH) RUN (FLMTECH)INIT
24aug94  6:46:58 #70 (FLMTECH) RUN (SYS)OPER
24aug94  6:46:58 #70 (FLMTECH) RUNLIC 775717,,0
24aug94  6:47:02 #70 (FLMTECH) SETLIC (SYS)OPER LIC=775717,,12
24aug94  6:47:02 #70 (FLMTECH) TATTLE OPER MAZZURCOS 775612 (12) okay
24aug94  6:47:02 #70 (FLMTECH) NEXIT (SYS)OPER
24aug94  6:47:04 #70 (FLMTECH) RUN (SYS)GFD
24aug94  6:47:04 #70 (FLMTECH) RUNLIC 5012,,12
24aug94  6:47:04 #70 (FLMTECH) NEXIT (SYS)GFD
24aug94  6:47:08 #70 (FLMTECH) RUN (TNT)PAPER
24aug94  6:47:08 #70 (FLMTECH) RUNLIC 12,,12
24aug94  6:47:08 #70 (FLMTECH) SETNAM 1022F4
24aug94  6:55:02 #95 (FLMTECH) RUN (SYS)LOGOUT
24aug94  6:55:02 #95 (FLMTECH) RUNLIC 547000,,0
24aug94  6:55:02 #85 (FLMTECH) RUN (SYS)LOGOUT
24aug94  6:55:02 #85 (FLMTECH) RUNLIC 547000,,0
24aug94  6:55:02 #95 (FLMTECH) RUN (MPL)ZEN
24aug94  6:55:02 #95 (FLMTECH) RUN (SYS)LOGOUT
24aug94  6:55:02 #95 (FLMTECH) RUNLIC 547000,,0
24aug94  6:55:02 #95 (FLMTECH) LOGOUT TRUs = 76.5
24aug94  6:55:02 #85 (FLMTECH) RUN (MPL)ZEN
24aug94  6:55:02 #85 (FLMTECH) RUN (SYS)LOGOUT
24aug94  6:55:02 #85 (FLMTECH) RUNLIC 547000,,0
24aug94  6:55:02 #85 (FLMTECH) LOGOUT TRUs = 175.6
24aug94  6:55:17 #78 (FLMTECH) LOGIN Malvern-PA:0 TID=1200
24aug94  6:55:17 #78 (FLMTECH) RUN (FLMTECH)INIT
24aug94  6:55:32 #78 (FLMTECH) RUN (TNT)PAPER
24aug94  6:55:32 #78 (FLMTECH) RUNLIC 12,,0
24aug94  6:55:33 #78 (FLMTECH) SETNAM 1022F4
24aug94  6:55:34 #79 (FLMTECH) LOGIN Malvern-PA:0 TID=1200
24aug94  6:55:35 #79 (FLMTECH) RUN (FLMTECH)INIT
24aug94  6:55:40 #79 (FLMTECH) RUN (SYS)RPG
24aug94  6:55:40 #79 (FLMTECH) RUNLIC 2000,,0
24aug94  6:55:40 #79 (FLMTECH) NEXIT (SYS)RPG
24aug94  6:55:50 #79 (FLMTECH) RUN (TNT)PAPER
24aug94  6:55:50 #79 (FLMTECH) RUNLIC 12,,0
24aug94  6:55:50 #79 (FLMTECH) SETNAM 1022F4
24aug94  7:03:01 #70 (FLMTECH) RUN (SYS)LOGOUT
24aug94  7:03:01 #70 (FLMTECH) RUNLIC 547012,,12
24aug94  7:03:01 #70 (FLMTECH) RUN (MPL)ZEN
24aug94  7:03:01 #70 (FLMTECH) RUNLIC 12,,12
24aug94  7:03:01 #70 (FLMTECH) RUN (SYS)LOGOUT
24aug94  7:03:01 #70 (FLMTECH) RUNLIC 547012,,12
24aug94  7:03:02 #70 (FLMTECH) LOGOUT TRUs = 77.8
24aug94  7:06:00 #85 (FLMTECH) LOGIN Malvern-PA:0 TID=1200
24aug94  7:06:01 #85 (FLMTECH) RUN (FLMTECH)INIT
24aug94  7:06:06 #85 (FLMTECH) RUN (TNT)PAPER
24aug94  7:06:06 #85 (FLMTECH) RUNLIC 12,,0
24aug94  7:06:16 #85 (FLMTECH) SETNAM 1022F4
24aug94  7:11:01 #86 (FLMTECH) LOGIN Malvern-PA:0 TID=1200
24aug94  7:11:02 #86 (FLMTECH) RUN (FLMTECH)INIT
24aug94  7:11:12 #86 (FLMTECH) RUN (TNT)PAPER
24aug94  7:11:12 #86 (FLMTECH) RUNLIC 12,,0
24aug94  7:11:23 #86 (FLMTECH) SETNAM 1022F4
24aug94  7:15:01 #79 (FLMTECH) RUN (SYS)LOGOUT
24aug94  7:15:01 #79 (FLMTECH) RUNLIC 547000,,0
24aug94  7:15:01 #79 (FLMTECH) RUN (MPL)ZEN
24aug94  7:15:01 #79 (FLMTECH) RUN (SYS)LOGOUT
24aug94  7:15:01 #79 (FLMTECH) RUNLIC 547000,,0
24aug94  7:15:01 #79 (FLMTECH) LOGOUT TRUs = 269.5
24aug94  7:15:31 #36 (FLMTECH) LOGIN Malvern-PA:0 TID=1200
24aug94  7:15:32 #36 (FLMTECH) RUN (FLMTECH)INIT
24aug94  7:15:36 #36 (FLMTECH) RUN (SYS)RPG
24aug94  7:15:36 #36 (FLMTECH) RUNLIC 2000,,0
24aug94  7:15:36 #36 (FLMTECH) NEXIT (SYS)RPG
24aug94  7:15:44 #36 (FLMTECH) RUN (TNT)PAPER
24aug94  7:15:44 #36 (FLMTECH) RUNLIC 12,,0
24aug94  7:15:45 #36 (FLMTECH) SETNAM 1022F4
24aug94  7:27:01 #20 (FLMTECH) RUN (SYS)LOGOUT
24aug94  7:27:01 #20 (FLMTECH) RUNLIC 547000,,0
24aug94  7:27:02 #20 (FLMTECH) RUN (MPL)ZEN
24aug94  7:27:02 #20 (FLMTECH) RUN (SYS)LOGOUT
24aug94  7:27:02 #20 (FLMTECH) RUNLIC 547000,,0
24aug94  7:27:02 #20 (FLMTECH) LOGOUT TRUs = 829.8
24aug94  7:30:03 #86 (FLMTECH) RUN (SYS)LOGOUT
24aug94  7:30:03 #86 (FLMTECH) RUNLIC 547000,,0
24aug94  7:30:03 #86 (FLMTECH) RUN (MPL)ZEN
24aug94  7:30:03 #86 (FLMTECH) RUN (SYS)LOGOUT
24aug94  7:30:03 #86 (FLMTECH) RUNLIC 547000,,0
24aug94  7:30:03 #86 (FLMTECH) LOGOUT TRUs = 113.7
24aug94  7:30:32 #55 (FLMTECH) LOGIN Malvern-PA:0 TID=1200
24aug94  7:30:33 #55 (FLMTECH) RUN (FLMTECH)INIT
24aug94  7:30:42 #55 (FLMTECH) RUN (TNT)PAPER
24aug94  7:30:42 #55 (FLMTECH) RUNLIC 12,,0
24aug94  7:30:43 #55 (FLMTECH) SETNAM 1022F4
24aug94  7:31:27 #67 (FLMTECH) LOGIN  -02443-  :0 TID=1200
24aug94  7:31:28 #67 (FLMTECH) RUN (FLMTECH)INIT
24aug94  7:31:36 #67 (FLMTECH) RUN (TNT)PAPER
24aug94  7:31:36 #67 (FLMTECH) RUNLIC 12,,0
24aug94  7:31:36 #67 (FLMTECH) SETNAM 1022F4
24aug94  7:36:02 #60 (FLMTECH) RUN (SYS)LOGOUT
24aug94  7:36:02 #60 (FLMTECH) RUNLIC 547000,,0
24aug94  7:36:03 #60 (FLMTECH) RUN (MPL)ZEN
24aug94  7:36:03 #60 (FLMTECH) RUN (SYS)LOGOUT
24aug94  7:36:03 #60 (FLMTECH) RUNLIC 547000,,0
24aug94  7:36:03 #60 (FLMTECH) LOGOUT TRUs = 724.3
24aug94  7:44:02 #78 (FLMTECH) RUN (SYS)LOGOUT
24aug94  7:44:02 #78 (FLMTECH) RUNLIC 547000,,0
24aug94  7:44:02 #78 (FLMTECH) RUN (MPL)ZEN
24aug94  7:44:02 #78 (FLMTECH) RUN (SYS)LOGOUT
24aug94  7:44:02 #78 (FLMTECH) RUNLIC 547000,,0
24aug94  7:44:02 #78 (FLMTECH) LOGOUT TRUs = 852.2
24aug94  7:50:01 #36 (FLMTECH) RUN (SYS)LOGOUT
24aug94  7:50:01 #36 (FLMTECH) RUNLIC 547000,,0
24aug94  7:50:01 #36 (FLMTECH) RUN (MPL)ZEN
24aug94  7:50:01 #36 (FLMTECH) RUN (SYS)LOGOUT
24aug94  7:50:01 #36 (FLMTECH) RUNLIC 547000,,0
24aug94  7:50:01 #36 (FLMTECH) LOGOUT TRUs = 355.7
24aug94  7:57:01 #55 (FLMTECH) RUN (SYS)LOGOUT
24aug94  7:57:01 #55 (FLMTECH) RUNLIC 547000,,0
24aug94  7:57:01 #55 (FLMTECH) RUN (MPL)ZEN
24aug94  7:57:01 #55 (FLMTECH) RUN (SYS)LOGOUT
24aug94  7:57:01 #55 (FLMTECH) RUNLIC 547000,,0
24aug94  7:57:01 #55 (FLMTECH) LOGOUT TRUs = 338.4
24aug94  7:59:30 #79 (FLMTECH) LOGIN Malvern-PA:0 TID=1200
24aug94  7:59:31 #79 (FLMTECH) RUN (FLMTECH)INIT
24aug94  7:59:39 #79 (FLMTECH) RUN (TNT)PAPER
24aug94  7:59:39 #79 (FLMTECH) RUNLIC 12,,0
24aug94  7:59:42 #79 (FLMTECH) SETNAM 1022F4
24aug94  8:04:13 #29 (FLMTECH) LOGIN  -05544-  :0 TID='20
24aug94  8:04:13 #29 (FLMTECH) RUN (FLMTECH)INIT
24aug94  8:04:41 #29 (FLMTECH) RUN (SYS)LOGOUT
24aug94  8:04:41 #29 (FLMTECH) RUNLIC 547000,,0
24aug94  8:04:41 #29 (FLMTECH) LOGOUT TRUs = 4.2
24aug94  8:26:49 #8 (FLMTECH) LOGIN Malvern-PA:0 TID=1200
24aug94  8:26:50 #8 (FLMTECH) RUN (FLMTECH)INIT
24aug94  8:26:55 #8 (FLMTECH) RUN (SYS)RPG
24aug94  8:26:55 #8 (FLMTECH) RUNLIC 2000,,0
24aug94  8:26:55 #8 (FLMTECH) NEXIT (SYS)RPG
24aug94  8:27:07 #8 (FLMTECH) RUN (TNT)PAPER
24aug94  8:27:07 #8 (FLMTECH) RUNLIC 12,,0
24aug94  8:27:08 #8 (FLMTECH) SETNAM 1022F4
24aug94  8:29:49 #76 (FLMTECH) LOGIN Malvern-PA:0 TID=1200
24aug94  8:29:49 #76 (FLMTECH) RUN (FLMTECH)INIT
24aug94  8:29:54 #76 (FLMTECH) RUN (SYS)RPG
24aug94  8:29:54 #76 (FLMTECH) RUNLIC 2000,,0
24aug94  8:29:54 #76 (FLMTECH) NEXIT (SYS)RPG
24aug94  8:30:26 #76 (FLMTECH) RUN (TNT)PAPER
24aug94  8:30:26 #76 (FLMTECH) RUNLIC 12,,0
24aug94  8:30:27 #76 (FLMTECH) SETNAM 1022F4
24aug94  8:35:01 #79 (FLMTECH) RUN (SYS)LOGOUT
24aug94  8:35:01 #79 (FLMTECH) RUNLIC 547000,,0
24aug94  8:35:01 #67 (FLMTECH) RUN (SYS)LOGOUT
24aug94  8:35:01 #67 (FLMTECH) RUNLIC 547000,,0
24aug94  8:35:02 #79 (FLMTECH) RUN (MPL)ZEN
24aug94  8:35:02 #79 (FLMTECH) RUN (SYS)LOGOUT
24aug94  8:35:02 #79 (FLMTECH) RUNLIC 547000,,0
24aug94  8:35:02 #79 (FLMTECH) LOGOUT TRUs = 477.4
24aug94  8:35:02 #67 (FLMTECH) RUN (MPL)ZEN
24aug94  8:35:02 #67 (FLMTECH) RUN (SYS)LOGOUT
24aug94  8:35:02 #67 (FLMTECH) RUNLIC 547000,,0
24aug94  8:35:02 #67 (FLMTECH) LOGOUT TRUs = 1221.3
24aug94  8:35:10 #67 (FLMTECH) LOGIN  -02443-  :0 TID=1200
24aug94  8:35:10 #67 (FLMTECH) RUN (FLMTECH)INIT
24aug94  8:35:18 #67 (FLMTECH) RUN (TNT)PAPER
24aug94  8:35:18 #67 (FLMTECH) RUNLIC 12,,0
24aug94  8:35:19 #67 (FLMTECH) SETNAM 1022F4
24aug94  8:35:27 #76 (FLMTECH) RUN (TNT)PAPER
24aug94  8:35:27 #76 (FLMTECH) RUNLIC 12,,0
24aug94  8:35:28 #76 (FLMTECH) SETNAM 1022F4
24aug94  8:42:49 #8 (FLMTECH) RUN (TNT)PAPER
24aug94  8:42:49 #8 (FLMTECH) RUNLIC 12,,0
24aug94  8:42:50 #8 (FLMTECH) SETNAM 1022F4
24aug94  8:45:41 #25 (FLMTECH) LOGIN Malvern-PA:0 TID=1200
24aug94  8:45:42 #25 (FLMTECH) RUN (FLMTECH)INIT
24aug94  8:45:48 #25 (FLMTECH) RUN (TNT)PAPER
24aug94  8:45:48 #25 (FLMTECH) RUNLIC 12,,0
24aug94  8:45:48 #25 (FLMTECH) SETNAM 1022F4
24aug94  8:59:01 #8 (FLMTECH) RUN (SYS)LOGOUT
24aug94  8:59:01 #8 (FLMTECH) RUNLIC 547000,,0
24aug94  8:59:01 #8 (FLMTECH) RUN (MPL)ZEN
24aug94  8:59:02 #8 (CH) RUN (SYS)LOGOUT
24aug94  8:59:02 #8 (FLMTECH) RUNLIC 547000,,0
24aug94  8:59:02 #8 (FLMTECH) LOGOUT TRUs = 196.3
24aug94  9:01:58 #21 (FLMTECH) LOGIN Malvern-PA:0 TID=1200
24aug94  9:01:58 #21 (FLMTECH) RUN (FLMTECH)INIT
24aug94  9:02:03 #21 (FLMTECH) RUN (SYS)RPG
24aug94  9:02:03 #21 (FLMTECH) RUNLIC 2000,,0
24aug94  9:02:03 #21 (FLMTECH) NEXIT (SYS)RPG
24aug94  9:02:06 #21 (FLMTECH) RUN (TNT)PAPER
24aug94  9:02:06 #21 (FLMTECH) RUNLIC 12,,0
24aug94  9:02:08 #21 (FLMTECH) SETNAM 1022F4
24aug94  9:06:01 #67 (FLMTECH) RUN (SYS)LOGOUT
24aug94  9:06:01 #67 (FLMTECH) RUNLIC 547000,,0
24aug94  9:06:01 #67 (FLMTECH) RUN (MPL)ZEN
24aug94  9:06:01 #67 (FLMTECH) RUN (SYS)LOGOUT
24aug94  9:06:01 #67 (FLMTECH) RUNLIC 547000,,0
24aug94  9:06:01 #67 (FLMTECH) LOGOUT TRUs = 201.0
24aug94  9:13:02 #76 (FLMTECH) RUN (SYS)LOGOUT
24aug94  9:13:02 #76 (FLMTECH) RUNLIC 547000,,0
24aug94  9:13:02 #76 (FLMTECH) RUN (MPL)ZEN
24aug94  9:13:02 #76 (FLMTECH) RUN (SYS)LOGOUT
24aug94  9:13:02 #76 (FLMTECH) RUNLIC 547000,,0
24aug94  9:13:02 #76 (FLMTECH) LOGOUT TRUs = 200.7
24aug94  9:17:59 #60 (FLMTECH) LOGIN Malvern-PA:0 TID=1200
24aug94  9:18:00 #60 (FLMTECH) RUN (FLMTECH)INIT
24aug94  9:22:04 #21 (FLMTECH) RUN (SYS)LOGOUT
24aug94  9:22:04 #21 (FLMTECH) RUNLIC 547000,,0
24aug94  9:22:04 #21 (FLMTECH) RUN (MPL)ZEN
24aug94  9:22:04 #21 (FLMTECH) RUN (SYS)LOGOUT
24aug94  9:22:04 #21 (FLMTECH) RUNLIC 547000,,0
24aug94  9:22:04 #21 (FLMTECH) LOGOUT TRUs = 139.7
24aug94  9:24:01 #85 (FLMTECH) RUN (SYS)LOGOUT
24aug94  9:24:01 #85 (FLMTECH) RUNLIC 547000,,0
24aug94  9:24:02 #85 (FLMTECH) RUN (MPL)ZEN
24aug94  9:24:02 #85 (FLMTECH) RUN (SYS)LOGOUT
24aug94  9:24:02 #85 (FLMTECH) RUNLIC 547000,,0
24aug94  9:24:02 #85 (FLMTECH) LOGOUT TRUs = 1855.5
24aug94  9:24:14 #57 (FLMTECH) LOGIN Malvern-PA:0 TID=1200
24aug94  9:24:15 #57 (FLMTECH) RUN (FLMTECH)INIT
24aug94  9:24:23 #57 (FLMTECH) RUN (TNT)PAPER
24aug94  9:24:23 #57 (FLMTECH) RUNLIC 12,,0
24aug94  9:24:24 #57 (FLMTECH) SETNAM 1022F4
24aug94  9:25:55 #60 (FLMTECH) RUN (SYS)RPG
24aug94  9:25:55 #60 (FLMTECH) RUNLIC 2000,,0
24aug94  9:25:55 #60 (FLMTECH) NEXIT (SYS)RPG
24aug94  9:26:08 #60 (FLMTECH) RUN (TNT)PAPER
24aug94  9:26:08 #60 (FLMTECH) RUNLIC 12,,0
24aug94  9:26:13 #60 (FLMTECH) SETNAM 1022F4
24aug94  9:27:19 #62 (FLMTECH) LOGIN  -02443-  :0 TID=1200
24aug94  9:27:20 #62 (FLMTECH) RUN (FLMTECH)INIT
24aug94  9:27:30 #62 (FLMTECH) RUN (TNT)PAPER
24aug94  9:27:30 #62 (FLMTECH) RUNLIC 12,,0
24aug94  9:27:32 #62 (FLMTECH) SETNAM 1022F4
24aug94  9:42:02 #25 (FLMTECH) RUN (SYS)LOGOUT
24aug94  9:42:02 #25 (FLMTECH) RUNLIC 547000,,0
24aug94  9:42:02 #25 (FLMTECH) RUN (MPL)ZEN
24aug94  9:42:02 #25 (FLMTECH) RUN (SYS)LOGOUT
24aug94  9:42:02 #25 (FLMTECH) RUNLIC 547000,,0
24aug94  9:42:02 #25 (FLMTECH) LOGOUT TRUs = 1047.5
24aug94  9:44:23 #66 (FLMTECH) LOGIN Malvern-PA:0 TID=1200
24aug94  9:44:24 #66 (FLMTECH) RUN (FLMTECH)INIT
24aug94  9:44:30 #66 (FLMTECH) RUN (SYS)RPG
24aug94  9:44:30 #66 (FLMTECH) RUNLIC 2000,,0
24aug94  9:44:30 #66 (FLMTECH) NEXIT (SYS)RPG
24aug94  9:44:36 #66 (FLMTECH) RUN (TNT)PAPER
24aug94  9:44:36 #66 (FLMTECH) RUNLIC 12,,0
24aug94  9:44:36 #66 (FLMTECH) SETNAM 1022F4
24aug94  9:47:06 #77 (FLMTECH) LOGIN Malvern-PA:0 TID=1200
24aug94  9:47:06 #77 (FLMTECH) RUN (FLMTECH)INIT
24aug94  9:47:15 #77 (FLMTECH) RUN (TNT)PAPER
24aug94  9:47:15 #77 (FLMTECH) RUNLIC 12,,0
24aug94  9:47:15 #77 (FLMTECH) SETNAM 1022F4
24aug94  9:57:30 #77 (FLMTECH) RUN (TNT)PAPER
24aug94  9:57:30 #77 (FLMTECH) RUNLIC 12,,0
24aug94  9:57:31 #77 (FLMTECH) SETNAM 1022F4
24aug94 10:06:01 #60 (FLMTECH) RUN (SYS)LOGOUT
24aug94 10:06:01 #60 (FLMTECH) RUNLIC 547000,,0
24aug94 10:06:01 #60 (FLMTECH) RUN (MPL)ZEN
24aug94 10:06:01 #60 (FLMTECH) RUN (SYS)LOGOUT
24aug94 10:06:01 #60 (FLMTECH) RUNLIC 547000,,0
24aug94 10:06:01 #60 (FLMTECH) LOGOUT TRUs = 795.4
24aug94 10:06:01 #57 (FLMTECH) RUN (SYS)LOGOUT
24aug94 10:06:01 #57 (FLMTECH) RUNLIC 547000,,0
24aug94 10:06:01 #57 (FLMTECH) RUN (MPL)ZEN
24aug94 10:06:01 #57 (FLMTECH) RUN (SYS)LOGOUT
24aug94 10:06:01 #57 (FLMTECH) RUNLIC 547000,,0
24aug94 10:06:01 #57 (FLMTECH) LOGOUT TRUs = 283.9
24aug94 10:06:54 #46 (FLMTECH) LOGIN Malvern-PA:0 TID=1200
24aug94 10:06:55 #46 (FLMTECH) RUN (FLMTECH)INIT
24aug94 10:07:07 #46 (FLMTECH) RUN (SYS)RPG
24aug94 10:07:07 #46 (FLMTECH) RUNLIC 2000,,0
24aug94 10:07:07 #46 (FLMTECH) NEXIT (SYS)RPG
24aug94 10:07:54 #46 (FLMTECH) RUN (TNT)PAPER
24aug94 10:07:54 #46 (FLMTECH) RUNLIC 12,,0
24aug94 10:07:54 #46 (FLMTECH) SETNAM 1022F4
24aug94 10:16:56 #31 (FLMTECH) LOGIN Malvern-PA:0 TID=1200
24aug94 10:16:57 #31 (FLMTECH) RUN (FLMTECH)INIT
24aug94 10:17:10 #31 (FLMTECH) RUN (SYS)OPER
24aug94 10:17:10 #31 (FLMTECH) RUNLIC 775717,,0
24aug94 10:17:17 #31 (FLMTECH) SETLIC (SYS)OPER LIC=775717,,40012
24aug94 10:17:17 #31 (FLMTECH) TATTLE OPER JAPARKER 775612 (40012) okay
24aug94 10:17:17 #31 (FLMTECH) NEXIT (SYS)OPER
24aug94 10:17:25 #31 (FLMTECH) RUN (SYS)GFD
24aug94 10:17:25 #31 (FLMTECH) RUNLIC 45012,,40012
24aug94 10:17:25 #31 (FLMTECH) NEXIT (SYS)GFD
24aug94 10:17:30 #31 (FLMTECH) RUN (TNT)PAPER
24aug94 10:17:30 #31 (FLMTECH) RUNLIC 40012,,40012
24aug94 10:17:30 #31 (FLMTECH) SETNAM 1022F4
24aug94 10:19:01 #66 (FLMTECH) RUN (SYS)LOGOUT
24aug94 10:19:01 #66 (FLMTECH) RUNLIC 547000,,0
24aug94 10:19:02 #66 (FLMTECH) RUN (MPL)ZEN
24aug94 10:19:02 #66 (FLMTECH) RUN (SYS)LOGOUT
24aug94 10:19:02 #66 (FLMTECH) RUNLIC 547000,,0
24aug94 10:19:02 #66 (FLMTECH) LOGOUT TRUs = 212.8
24aug94 10:20:45 #20 (FLMTECH) LOGIN Malvern-PA:0 TID=1200
24aug94 10:20:46 #20 (FLMTECH) RUN (FLMTECH)INIT
24aug94 10:20:53 #20 (FLMTECH) RUN (TNT)PAPER
24aug94 10:20:53 #20 (FLMTECH) RUNLIC 12,,0
24aug94 10:20:53 #20 (FLMTECH) SETNAM 1022F4
24aug94 10:23:30 #15 (FLMTECH) LOGIN Malvern-PA:0 TID=1200
24aug94 10:23:30 #15 (FLMTECH) RUN (FLMTECH)INIT
24aug94 10:23:32 #15 (FLMTECH) RUN (SYS)RPG
24aug94 10:23:32 #15 (FLMTECH) RUNLIC 2000,,0
24aug94 10:23:32 #15 (FLMTECH) NEXIT (SYS)RPG
24aug94 10:23:38 #15 (FLMTECH) RUN (TNT)PAPER
24aug94 10:23:38 #15 (FLMTECH) RUNLIC 12,,0
24aug94 10:23:38 #15 (FLMTECH) SETNAM 1022F4
24aug94 10:24:01 #46 (FLMTECH) RUN (SYS)LOGOUT
24aug94 10:24:01 #46 (FLMTECH) RUNLIC 547000,,0
24aug94 10:24:02 #46 (FLMTECH) RUN (MPL)ZEN
24aug94 10:24:02 #46 (FLMTECH) RUN (SYS)LOGOUT
24aug94 10:24:02 #46 (FLMTECH) RUNLIC 547000,,0
24aug94 10:24:02 #46 (FLMTECH) LOGOUT TRUs = 131.4
24aug94 10:35:01 #77 (FLMTECH) RUN (SYS)LOGOUT
24aug94 10:35:01 #77 (FLMTECH) RUNLIC 547000,,0
24aug94 10:35:01 #77 (FLMTECH) RUN (MPL)ZEN
24aug94 10:35:01 #77 (FLMTECH) RUN (SYS)LOGOUT
24aug94 10:35:01 #77 (FLMTECH) RUNLIC 547000,,0
24aug94 10:35:01 #77 (FLMTECH) LOGOUT TRUs = 715.8
24aug94 10:40:01 #15 (FLMTECH) RUN (SYS)LOGOUT
24aug94 10:40:01 #15 (FLMTECH) RUNLIC 547000,,0
24aug94 10:40:01 #62 (FLMTECH) RUN (SYS)LOGOUT
24aug94 10:40:01 #62 (FLMTECH) RUNLIC 547000,,0
24aug94 10:40:01 #62 (FLMTECH) RUN (MPL)ZEN
24aug94 10:40:01 #15 (FLMTECH) RUN (MPL)ZEN
24aug94 10:40:01 #15 (FLMTECH) RUN (SYS)LOGOUT
24aug94 10:40:01 #15 (FLMTECH) RUNLIC 547000,,0
24aug94 10:40:01 #15 (FLMTECH) LOGOUT TRUs = 132.5
24aug94 10:40:01 #62 (FLMTECH) RUN (SYS)LOGOUT
24aug94 10:40:01 #62 (FLMTECH) RUNLIC 547000,,0
24aug94 10:40:01 #62 (FLMTECH) LOGOUT TRUs = 835.0
24aug94 10:46:56 #15 (FLMTECH) LOGIN Malvern-PA:0 TID=1200
24aug94 10:46:57 #15 (FLMTECH) RUN (FLMTECH)INIT
24aug94 10:47:00 #15 (FLMTECH) RUN (SYS)RPG
24aug94 10:47:00 #15 (FLMTECH) RUNLIC 2000,,0
24aug94 10:47:00 #15 (FLMTECH) NEXIT (SYS)RPG
24aug94 10:47:10 #15 (FLMTECH) RUN (TNT)PAPER
24aug94 10:47:10 #15 (FLMTECH) RUNLIC 12,,0
24aug94 10:47:11 #15 (FLMTECH) SETNAM 1022F4
24aug94 10:49:14 #12 (FLMTECH) LOGIN Malvern-PA:0 TID=1200
24aug94 10:49:14 #12 (FLMTECH) RUN (FLMTECH)INIT
24aug94 10:49:17 #12 (FLMTECH) RUN (SYS)RPG
24aug94 10:49:17 #12 (FLMTECH) RUNLIC 2000,,0
24aug94 10:49:17 #12 (FLMTECH) NEXIT (SYS)RPG
24aug94 10:49:34 #12 (FLMTECH) RUN (TNT)PAPER
24aug94 10:49:34 #12 (FLMTECH) RUNLIC 12,,0
24aug94 10:49:35 #12 (FLMTECH) SETNAM 1022F4
24aug94 10:50:56 #34 (FLMTECH) LOGIN  -02443-  :0 TID=1200
24aug94 10:50:57 #34 (FLMTECH) RUN (FLMTECH)INIT
24aug94 10:51:04 #34 (FLMTECH) RUN (TNT)PAPER
24aug94 10:51:04 #34 (FLMTECH) RUNLIC 12,,0
24aug94 10:51:05 #34 (FLMTECH) SETNAM 1022F4
24aug94 10:52:01 #31 (FLMTECH) RUN (SYS)LOGOUT
24aug94 10:52:01 #31 (FLMTECH) RUNLIC 547012,,40012
24aug94 10:52:01 #31 (FLMTECH) RUN (MPL)ZEN
24aug94 10:52:01 #31 (FLMTECH) RUNLIC 40012,,40012
24aug94 10:52:01 #31 (FLMTECH) RUN (SYS)LOGOUT
24aug94 10:52:01 #31 (FLMTECH) RUNLIC 547012,,40012
24aug94 10:52:02 #31 (FLMTECH) LOGOUT TRUs = 428.6
24aug94 10:52:30 #30 (FLMTECH) LOGIN Malvern-PA:0 TID=1200
24aug94 10:52:30 #30 (FLMTECH) RUN (FLMTECH)INIT
24aug94 10:52:55 #30 (FLMTECH) RUN (TNT)PAPER
24aug94 10:52:55 #30 (FLMTECH) RUNLIC 12,,0
24aug94 10:52:56 #30 (FLMTECH) SETNAM 1022F4
24aug94 11:00:59 #68 (FLMTECH) LOGIN Malvern-PA:0 TID=1200
24aug94 11:01:00 #68 (FLMTECH) RUN (FLMTECH)INIT
24aug94 11:01:01 #68 (FLMTECH) RUN (SYS)OPER
24aug94 11:01:01 #68 (FLMTECH) RUNLIC 775717,,0
24aug94 11:01:11 #68 (FLMTECH) SETLIC (SYS)OPER LIC=775717,,40012
24aug94 11:01:11 #68 (FLMTECH) TATTLE OPER JAPARKER 775612 (40012) okay
24aug94 11:01:11 #68 (FLMTECH) NEXIT (SYS)OPER
24aug94 11:01:19 #68 (FLMTECH) RUN (SYS)GFD
24aug94 11:01:19 #68 (FLMTECH) RUNLIC 45012,,40012
24aug94 11:01:19 #68 (FLMTECH) NEXIT (SYS)GFD
24aug94 11:01:28 #68 (FLMTECH) RUN (TNT)PAPER
24aug94 11:01:28 #68 (FLMTECH) RUNLIC 40012,,40012
24aug94 11:01:29 #68 (FLMTECH) SETNAM 1022F4
24aug94 11:09:01 #12 (FLMTECH) RUN (SYS)LOGOUT
24aug94 11:09:01 #12 (FLMTECH) RUNLIC 547000,,0
24aug94 11:09:01 #12 (FLMTECH) RUN (MPL)ZEN
24aug94 11:09:01 #12 (FLMTECH) RUN (SYS)LOGOUT
24aug94 11:09:01 #12 (FLMTECH) RUNLIC 547000,,0
24aug94 11:09:01 #12 (FLMTECH) LOGOUT TRUs = 330.7
24aug94 11:16:01 #34 (FLMTECH) RUN (SYS)LOGOUT
24aug94 11:16:01 #34 (FLMTECH) RUNLIC 547000,,0
24aug94 11:16:01 #34 (FLMTECH) RUN (MPL)ZEN
24aug94 11:16:01 #34 (FLMTECH) RUN (SYS)LOGOUT
24aug94 11:16:01 #34 (FLMTECH) RUNLIC 547000,,0
24aug94 11:16:01 #34 (FLMTECH) LOGOUT TRUs = 541.8
24aug94 11:18:55 #33 (FLMTECH) LOGIN Malvern-PA:0 TID=1200
24aug94 11:18:56 #33 (FLMTECH) RUN (FLMTECH)INIT
24aug94 11:19:00 #33 (FLMTECH) RUN (SYS)RPG
24aug94 11:19:00 #33 (FLMTECH) RUNLIC 2000,,0
24aug94 11:19:00 #33 (FLMTECH) NEXIT (SYS)RPG
24aug94 11:19:09 #33 (FLMTECH) RUN (TNT)PAPER
24aug94 11:19:09 #33 (FLMTECH) RUNLIC 12,,0
24aug94 11:19:10 #33 (FLMTECH) SETNAM 1022F4
24aug94 11:20:01 #30 (FLMTECH) RUN (SYS)LOGOUT
24aug94 11:20:01 #30 (FLMTECH) RUNLIC 547000,,0
24aug94 11:20:01 #30 (FLMTECH) RUN (MPL)ZEN
24aug94 11:20:01 #30 (FLMTECH) RUN (SYS)LOGOUT
24aug94 11:20:01 #30 (FLMTECH) RUNLIC 547000,,0
24aug94 11:20:01 #30 (FLMTECH) LOGOUT TRUs = 347.7
24aug94 11:23:01 #15 (FLMTECH) RUN (SYS)LOGOUT
24aug94 11:23:01 #15 (FLMTECH) RUNLIC 547000,,0
24aug94 11:23:01 #15 (FLMTECH) RUN (MPL)ZEN
24aug94 11:23:01 #15 (FLMTECH) RUN (SYS)LOGOUT
24aug94 11:23:01 #15 (FLMTECH) RUNLIC 547000,,0
24aug94 11:23:01 #15 (FLMTECH) LOGOUT TRUs = 456.3
24aug94 11:23:39 #15 (FLMTECH) LOGIN  -02443-  :0 TID=1200
24aug94 11:23:40 #15 (FLMTECH) RUN (FLMTECH)INIT
24aug94 11:23:47 #15 (FLMTECH) RUN (TNT)PAPER
24aug94 11:23:47 #15 (FLMTECH) RUNLIC 12,,0
24aug94 11:23:47 #15 (FLMTECH) SETNAM 1022F4
24aug94 11:28:09 #33 (FLMTECH) RUN (TNT)PAPER
24aug94 11:28:09 #33 (FLMTECH) RUNLIC 12,,0
24aug94 11:28:09 #33 (FLMTECH) SETNAM 1022F4
24aug94 11:29:14 #7 (FLMTECH) LOGIN Malvern-PA:0 TID=1200
24aug94 11:29:15 #7 (FLMTECH) RUN (FLMTECH)INIT
24aug94 11:29:23 #7 (FLMTECH) RUN (TNT)PAPER
24aug94 11:29:23 #7 (FLMTECH) RUNLIC 12,,0
24aug94 11:29:23 #7 (FLMTECH) SETNAM 1022F4
24aug94 11:30:02 #20 (FLMTECH) RUN (SYS)LOGOUT
24aug94 11:30:02 #20 (FLMTECH) RUNLIC 547000,,0
24aug94 11:30:02 #20 (FLMTECH) RUN (MPL)ZEN
24aug94 11:30:02 #20 (FLMTECH) RUN (SYS)LOGOUT
24aug94 11:30:02 #20 (FLMTECH) RUNLIC 547000,,0
24aug94 11:30:02 #20 (FLMTECH) LOGOUT TRUs = 1156.8
24aug94 11:41:01 #68 (FLMTECH) RUN (SYS)LOGOUT
24aug94 11:41:01 #68 (FLMTECH) RUNLIC 547012,,40012
24aug94 11:41:01 #68 (FLMTECH) RUN (MPL)ZEN
24aug94 11:41:01 #68 (FLMTECH) RUNLIC 40012,,40012
24aug94 11:41:01 #68 (FLMTECH) RUN (SYS)LOGOUT
24aug94 11:41:01 #68 (FLMTECH) RUNLIC 547012,,40012
24aug94 11:41:01 #68 (FLMTECH) LOGOUT TRUs = 519.7
24aug94 11:47:47 #25 (FLMTECH) LOGIN Malvern-PA:0 TID=1200
24aug94 11:47:48 #25 (FLMTECH) RUN (FLMTECH)INIT
24aug94 11:47:53 #25 (FLMTECH) RUN (TNT)PAPER
24aug94 11:47:53 #25 (FLMTECH) RUNLIC 12,,0
24aug94 11:47:53 #25 (FLMTECH) SETNAM 1022F4
24aug94 11:49:42 #53 (FLMTECH) LOGIN Malvern-PA:0 TID=1200
24aug94 11:49:42 #53 (FLMTECH) RUN (FLMTECH)INIT
24aug94 11:49:51 #53 (FLMTECH) RUN (TNT)PAPER
24aug94 11:49:51 #53 (FLMTECH) RUNLIC 12,,0
24aug94 11:49:51 #53 (FLMTECH) SETNAM 1022F4
24aug94 12:17:22 #44 (FLMTECH) LOGIN Malvern-PA:0 TID=1200
24aug94 12:17:23 #44 (FLMTECH) RUN (FLMTECH)INIT
24aug94 12:17:27 #44 (FLMTECH) RUN (SYS)RPG
24aug94 12:17:27 #44 (FLMTECH) RUNLIC 2000,,0
24aug94 12:17:27 #44 (FLMTECH) NEXIT (SYS)RPG
24aug94 12:17:28 #44 (FLMTECH) RUN (TNT)PAPER
24aug94 12:17:28 #44 (FLMTECH) RUNLIC 12,,0
24aug94 12:17:28 #44 (FLMTECH) SETNAM 1022F4
24aug94 12:18:01 #53 (FLMTECH) RUN (SYS)LOGOUT
24aug94 12:18:01 #53 (FLMTECH) RUNLIC 547000,,0
24aug94 12:18:01 #53 (FLMTECH) RUN (MPL)ZEN
24aug94 12:18:01 #53 (FLMTECH) RUN (SYS)LOGOUT
24aug94 12:18:01 #53 (FLMTECH) RUNLIC 547000,,0
24aug94 12:18:01 #53 (FLMTECH) LOGOUT TRUs = 477.0
24aug94 12:21:01 #7 (FLMTECH) RUN (SYS)LOGOUT
24aug94 12:21:01 #7 (FLMTECH) RUNLIC 547000,,0
24aug94 12:21:01 #33 (FLMTECH) RUN (SYS)LOGOUT
24aug94 12:21:01 #33 (FLMTECH) RUNLIC 547000,,0
24aug94 12:21:01 #33 (FLMTECH) RUN (MPL)ZEN
24aug94 12:21:01 #33 (FLMTECH) RUN (SYS)LOGOUT
24aug94 12:21:01 #33 (FLMTECH) RUNLIC 547000,,0
24aug94 12:21:01 #7 (FLMTECH) RUN (MPL)ZEN
24aug94 12:21:01 #7 (FLMTECH) RUN (SYS)LOGOUT
24aug94 12:21:01 #7 (FLMTECH) RUNLIC 547000,,0
24aug94 12:21:01 #33 (FLMTECH) LOGOUT TRUs = 1113.3
24aug94 12:21:02 #7 (FLMTECH) LOGOUT TRUs = 353.2
24aug94 12:24:20 #16 (FLMTECH) LOGIN Malvern-PA:0 TID=1200
24aug94 12:24:21 #16 (FLMTECH) RUN (FLMTECH)INIT
24aug94 12:24:28 #16 (FLMTECH) RUN (SYS)OPER
24aug94 12:24:28 #16 (FLMTECH) RUNLIC 775717,,0
24aug94 12:24:35 #16 (FLMTECH) SETLIC (SYS)OPER LIC=775717,,40012
24aug94 12:24:35 #16 (FLMTECH) TATTLE OPER JAPARKER 775612 (40012) okay
24aug94 12:24:35 #16 (FLMTECH) NEXIT (SYS)OPER
24aug94 12:24:44 #16 (FLMTECH) RUN (SYS)GFD
24aug94 12:24:44 #16 (FLMTECH) RUNLIC 45012,,40012
24aug94 12:24:44 #16 (FLMTECH) NEXIT (SYS)GFD
24aug94 12:24:46 #16 (FLMTECH) RUN (TNT)PAPER
24aug94 12:24:46 #16 (FLMTECH) RUNLIC 40012,,40012
24aug94 12:24:46 #16 (FLMTECH) SETNAM 1022F4
24aug94 12:25:06 #12 (FLMTECH) LOGIN Malvern-PA:0 TID=1200
24aug94 12:25:07 #12 (FLMTECH) RUN (FLMTECH)INIT
24aug94 12:25:10 #12 (FLMTECH) RUN (SYS)OPER
24aug94 12:25:10 #12 (FLMTECH) RUNLIC 775717,,0
24aug94 12:25:13 #12 (FLMTECH) SETLIC (SYS)OPER LIC=775717,,12
24aug94 12:25:13 #12 (FLMTECH) TATTLE OPER MAZZURCOS 775612 (12) okay
24aug94 12:25:13 #12 (FLMTECH) NEXIT (SYS)OPER
24aug94 12:25:16 #12 (FLMTECH) RUN (SYS)GFD
24aug94 12:25:16 #12 (FLMTECH) RUNLIC 5012,,12
24aug94 12:25:17 #12 (FLMTECH) NEXIT (SYS)GFD
24aug94 12:25:18 #12 (FLMTECH) RUN (TNT)PAPER
24aug94 12:25:18 #12 (FLMTECH) RUNLIC 12,,12
24aug94 12:25:19 #12 (FLMTECH) SETNAM 1022F4
24aug94 12:26:19 #55 (FLMTECH) LOGIN Malvern-PA:0 TID=1200
24aug94 12:26:20 #55 (FLMTECH) RUN (FLMTECH)INIT
24aug94 12:26:22 #55 (FLMTECH) RUN (SYS)OPER
24aug94 12:26:22 #55 (FLMTECH) RUNLIC 775717,,0
24aug94 12:26:26 #55 (FLMTECH) SETLIC (SYS)OPER LIC=775717,,12
24aug94 12:26:26 #55 (FLMTECH) TATTLE OPER MAZZURCOS 775612 (12) okay
24aug94 12:26:26 #55 (FLMTECH) NEXIT (SYS)OPER
24aug94 12:26:28 #55 (FLMTECH) RUN (SYS)GFD
24aug94 12:26:28 #55 (FLMTECH) RUNLIC 5012,,12
24aug94 12:26:28 #55 (FLMTECH) NEXIT (SYS)GFD
24aug94 12:26:31 #55 (FLMTECH) RUN (TNT)PAPER
24aug94 12:26:31 #55 (FLMTECH) RUNLIC 12,,12
24aug94 12:26:31 #55 (FLMTECH) SETNAM 1022F4
24aug94 12:30:39 #56 (FLMTECH) LOGIN Malvern-PA:0 TID=1200
24aug94 12:30:40 #56 (FLMTECH) RUN (FLMTECH)INIT
24aug94 12:30:44 #56 (FLMTECH) RUN (SYS)RPG
24aug94 12:30:44 #56 (FLMTECH) RUNLIC 2000,,0
24aug94 12:30:44 #56 (FLMTECH) NEXIT (SYS)RPG
24aug94 12:32:02 #56 (FLMTECH) RUN (TNT)PAPER
24aug94 12:32:02 #56 (FLMTECH) RUNLIC 12,,0
24aug94 12:32:03 #56 (FLMTECH) SETNAM 1022F4
24aug94 12:34:30 #69 (FLMTECH) LOGIN Malvern-PA:0 TID=1200
24aug94 12:34:31 #69 (FLMTECH) RUN (FLMTECH)INIT
24aug94 12:34:39 #69 (FLMTECH) RUN (TNT)PAPER
24aug94 12:34:39 #69 (FLMTECH) RUNLIC 12,,0
24aug94 12:34:40 #69 (FLMTECH) SETNAM 1022F4
24aug94 12:42:01 #12 (FLMTECH) RUN (SYS)LOGOUT
24aug94 12:42:01 #12 (FLMTECH) RUNLIC 547012,,12
24aug94 12:42:01 #12 (FLMTECH) RUN (MPL)ZEN
24aug94 12:42:01 #12 (FLMTECH) RUNLIC 12,,12
24aug94 12:42:01 #12 (FLMTECH) RUN (SYS)LOGOUT
24aug94 12:42:01 #12 (FLMTECH) RUNLIC 547012,,12
24aug94 12:42:01 #12 (FLMTECH) LOGOUT TRUs = 63.5
24aug94 12:43:42 #44 (FLMTECH) RUN (TNT)PAPER
24aug94 12:43:42 #44 (FLMTECH) RUNLIC 12,,0
24aug94 12:43:42 #44 (FLMTECH) SETNAM 1022F4
24aug94 12:44:01 #55 (FLMTECH) RUN (SYS)LOGOUT
24aug94 12:44:01 #55 (FLMTECH) RUNLIC 547012,,12
24aug94 12:44:01 #55 (FLMTECH) RUN (MPL)ZEN
24aug94 12:44:01 #55 (FLMTECH) RUNLIC 12,,12
24aug94 12:44:01 #55 (FLMTECH) RUN (SYS)LOGOUT
24aug94 12:44:01 #55 (FLMTECH) RUNLIC 547012,,12
24aug94 12:44:01 #55 (FLMTECH) LOGOUT TRUs = 134.5
24aug94 12:52:02 #69 (FLMTECH) RUN (SYS)LOGOUT
24aug94 12:52:02 #69 (FLMTECH) RUNLIC 547000,,0
24aug94 12:52:02 #69 (FLMTECH) RUN (MPL)ZEN
24aug94 12:52:02 #69 (FLMTECH) RUN (SYS)LOGOUT
24aug94 12:52:02 #69 (FLMTECH) RUNLIC 547000,,0
24aug94 12:52:02 #69 (FLMTECH) LOGOUT TRUs = 84.6
24aug94 12:54:24 #64 (FLMTECH) LOGIN Malvern-PA:0 TID=1200
24aug94 12:54:25 #64 (FLMTECH) RUN (FLMTECH)INIT
24aug94 12:54:36 #64 (FLMTECH) RUN (TNT)PAPER
24aug94 12:54:36 #64 (FLMTECH) RUNLIC 12,,0
24aug94 12:54:39 #64 (FLMTECH) SETNAM 1022F4
24aug94 12:58:01 #15 (FLMTECH) RUN (SYS)LOGOUT
24aug94 12:58:01 #15 (FLMTECH) RUNLIC 547000,,0
24aug94 12:58:01 #15 (FLMTECH) RUN (MPL)ZEN
24aug94 12:58:01 #15 (FLMTECH) RUN (SYS)LOGOUT
24aug94 12:58:01 #15 (FLMTECH) RUNLIC 547000,,0
24aug94 12:58:01 #15 (FLMTECH) LOGOUT TRUs = 1983.1
24aug94 13:01:59 #69 (FLMTECH) LOGIN  -02443-  :0 TID=1200
24aug94 13:01:59 #69 (FLMTECH) RUN (FLMTECH)INIT
24aug94 13:02:12 #69 (FLMTECH) RUN (TNT)PAPER
24aug94 13:02:12 #69 (FLMTECH) RUNLIC 12,,0
24aug94 13:02:12 #69 (FLMTECH) SETNAM 1022F4
24aug94 13:10:01 #25 (FLMTECH) RUN (SYS)LOGOUT
24aug94 13:10:01 #25 (FLMTECH) RUNLIC 547000,,0
24aug94 13:10:01 #25 (FLMTECH) RUN (MPL)ZEN
24aug94 13:10:01 #64 (FLMTECH) RUN (SYS)LOGOUT
24aug94 13:10:01 #64 (FLMTECH) RUNLIC 547000,,0
24aug94 13:10:01 #64 (FLMTECH) RUN (MPL)ZEN
24aug94 13:10:01 #64 (FLMTECH) RUN (SYS)LOGOUT
24aug94 13:10:01 #64 (FLMTECH) RUNLIC 547000,,0
24aug94 13:10:01 #64 (FLMTECH) LOGOUT TRUs = 76.6
24aug94 13:10:01 #25 (FLMTECH) RUN (SYS)LOGOUT
24aug94 13:10:01 #25 (FLMTECH) RUNLIC 547000,,0
24aug94 13:10:01 #25 (FLMTECH) LOGOUT TRUs = 1423.6
24aug94 13:15:01 #16 (FLMTECH) RUN (SYS)LOGOUT
24aug94 13:15:01 #16 (FLMTECH) RUNLIC 547012,,40012
24aug94 13:15:01 #16 (FLMTECH) RUN (MPL)ZEN
24aug94 13:15:01 #16 (FLMTECH) RUNLIC 40012,,40012
24aug94 13:15:01 #16 (FLMTECH) RUN (SYS)LOGOUT
24aug94 13:15:01 #16 (FLMTECH) RUNLIC 547012,,40012
24aug94 13:15:01 #16 (FLMTECH) LOGOUT TRUs = 904.7
24aug94 13:22:55 #48 (FLMTECH) LOGIN Malvern-PA:0 TID=1200
24aug94 13:22:56 #48 (FLMTECH) RUN (FLMTECH)INIT
24aug94 13:23:23 #48 (FLMTECH) RUN (TNT)PAPER
24aug94 13:23:23 #48 (FLMTECH) RUNLIC 12,,0
24aug94 13:23:24 #48 (FLMTECH) SETNAM 1022F4
24aug94 13:24:20 #13 (FLMTECH) LOGIN Malvern-PA:0 TID=1200
24aug94 13:24:21 #13 (FLMTECH) RUN (FLMTECH)INIT
24aug94 13:24:24 #13 (FLMTECH) RUN (SYS)OPER
24aug94 13:24:24 #13 (FLMTECH) RUNLIC 775717,,0
24aug94 13:24:29 #13 (FLMTECH) SETLIC (SYS)OPER LIC=775717,,40012
24aug94 13:24:29 #13 (FLMTECH) TATTLE OPER JAPARKER 775612 (40012) okay
24aug94 13:24:29 #13 (FLMTECH) NEXIT (SYS)OPER
24aug94 13:24:31 #11 (FLMTECH) LOGIN Malvern-PA:0 TID=1200
24aug94 13:24:32 #11 (FLMTECH) RUN (FLMTECH)INIT
24aug94 13:24:36 #13 (FLMTECH) RUN (SYS)GFD
24aug94 13:24:36 #13 (FLMTECH) RUNLIC 45012,,40012
24aug94 13:24:36 #13 (FLMTECH) NEXIT (SYS)GFD
24aug94 13:24:37 #11 (FLMTECH) RUN (TNT)PAPER
24aug94 13:24:37 #11 (FLMTECH) RUNLIC 12,,0
24aug94 13:24:38 #13 (FLMTECH) RUN (TNT)PAPER
24aug94 13:24:38 #13 (FLMTECH) RUNLIC 40012,,40012
24aug94 13:24:38 #11 (FLMTECH) SETNAM 1022F4
24aug94 13:24:39 #13 (FLMTECH) SETNAM 1022F4
24aug94 13:30:00 #56 (FLMTECH) RUN (TNT)PAPER
24aug94 13:30:00 #56 (FLMTECH) RUNLIC 12,,0
24aug94 13:30:00 #56 (FLMTECH) SETNAM 1022F4
24aug94 13:30:23 #31 (FLMTECH) LOGIN Malvern-PA:0 TID=1200
24aug94 13:30:24 #31 (FLMTECH) RUN (FLMTECH)INIT
24aug94 13:30:32 #31 (FLMTECH) RUN (TNT)PAPER
24aug94 13:30:32 #31 (FLMTECH) RUNLIC 12,,0
24aug94 13:30:32 #31 (FLMTECH) SETNAM 1022F4
24aug94 13:33:39 #69 (FLMTECH) RUN (SYS)LOGOUT
24aug94 13:33:39 #69 (FLMTECH) RUNLIC 547000,,0
24aug94 13:33:39 #69 (FLMTECH) RUN (MPL)ZEN
24aug94 13:33:39 #69 (FLMTECH) RUN (SYS)LOGOUT
24aug94 13:33:39 #69 (FLMTECH) RUNLIC 547000,,0
24aug94 13:33:39 #69 (FLMTECH) LOGOUT TRUs = 816.4
24aug94 13:47:01 #56 (FLMTECH) RUN (SYS)LOGOUT
24aug94 13:47:01 #56 (FLMTECH) RUNLIC 547000,,0
24aug94 13:47:01 #56 (FLMTECH) RUN (MPL)ZEN
24aug94 13:47:01 #56 (FLMTECH) RUN (SYS)LOGOUT
24aug94 13:47:01 #56 (FLMTECH) RUNLIC 547000,,0
24aug94 13:47:01 #56 (FLMTECH) LOGOUT TRUs = 1277.3
24aug94 13:48:01 #31 (FLMTECH) RUN (SYS)LOGOUT
24aug94 13:48:01 #31 (FLMTECH) RUNLIC 547000,,0
24aug94 13:48:01 #31 (FLMTECH) RUN (MPL)ZEN
24aug94 13:48:01 #31 (FLMTECH) RUN (SYS)LOGOUT
24aug94 13:48:01 #31 (FLMTECH) RUNLIC 547000,,0
24aug94 13:48:01 #31 (FLMTECH) LOGOUT TRUs = 115.7
24aug94 13:49:23 #28 (FLMTECH) LOGIN Malvern-PA:0 TID=1200
24aug94 13:49:25 #28 (FLMTECH) RUN (FLMTECH)INIT
24aug94 13:49:56 #28 (FLMTECH) RUN (TNT)PAPER
24aug94 13:49:56 #28 (FLMTECH) RUNLIC 12,,0
24aug94 13:49:56 #28 (FLMTECH) SETNAM 1022F4
24aug94 13:50:01 #13 (FLMTECH) RUN (SYS)LOGOUT
24aug94 13:50:01 #13 (FLMTECH) RUNLIC 547012,,40012
24aug94 13:50:01 #13 (FLMTECH) RUN (MPL)ZEN
24aug94 13:50:01 #13 (FLMTECH) RUNLIC 40012,,40012
24aug94 13:50:01 #13 (FLMTECH) RUN (SYS)LOGOUT
24aug94 13:50:01 #13 (FLMTECH) RUNLIC 547012,,40012
24aug94 13:50:01 #13 (FLMTECH) LOGOUT TRUs = 343.8
24aug94 13:54:01 #48 (FLMTECH) RUN (SYS)LOGOUT
24aug94 13:54:01 #48 (FLMTECH) RUNLIC 547000,,0
24aug94 13:54:01 #48 (FLMTECH) RUN (MPL)ZEN
24aug94 13:54:01 #48 (FLMTECH) RUN (SYS)LOGOUT
24aug94 13:54:01 #48 (FLMTECH) RUNLIC 547000,,0
24aug94 13:54:02 #48 (FLMTECH) LOGOUT TRUs = 488.5
24aug94 13:55:01 #44 (FLMTECH) RUN (SYS)LOGOUT
24aug94 13:55:01 #44 (FLMTECH) RUNLIC 547000,,0
24aug94 13:55:01 #44 (FLMTECH) RUN (MPL)ZEN
24aug94 13:55:01 #44 (FLMTECH) RUN (SYS)LOGOUT
24aug94 13:55:01 #44 (FLMTECH) RUNLIC 547000,,0
24aug94 13:55:01 #44 (FLMTECH) LOGOUT TRUs = 1697.2
24aug94 13:58:01 #11 (FLMTECH) RUN (SYS)LOGOUT
24aug94 13:58:01 #11 (FLMTECH) RUNLIC 547000,,0
24aug94 13:58:01 #11 (FLMTECH) RUN (MPL)ZEN
24aug94 13:58:02 #11 (FLMTECH) RUN (SYS)LOGOUT
24aug94 13:58:02 #11 (FLMTECH) RUNLIC 547000,,0
24aug94 13:58:02 #11 (FLMTECH) LOGOUT TRUs = 559.4
24aug94 14:02:09 #65 (FLMTECH) LOGIN Malvern-PA:0 TID=1200
24aug94 14:02:09 #65 (FLMTECH) RUN (FLMTECH)INIT
24aug94 14:02:13 #65 (FLMTECH) RUN (SYS)OPER
24aug94 14:02:13 #65 (FLMTECH) RUNLIC 775717,,0
24aug94 14:02:19 #65 (FLMTECH) SETLIC (SYS)OPER LIC=775717,,40012
24aug94 14:02:19 #65 (FLMTECH) TATTLE OPER JAPARKER 775612 (40012) okay
24aug94 14:02:19 #65 (FLMTECH) NEXIT (SYS)OPER
24aug94 14:02:36 #65 (FLMTECH) RUN (SYS)GFD
24aug94 14:02:36 #65 (FLMTECH) RUNLIC 45012,,40012
24aug94 14:02:36 #65 (FLMTECH) NEXIT (SYS)GFD
24aug94 14:02:41 #65 (FLMTECH) RUN (TNT)PAPER
24aug94 14:02:41 #65 (FLMTECH) RUNLIC 40012,,40012
24aug94 14:02:42 #65 (FLMTECH) SETNAM 1022F4
24aug94 14:05:26 #9 (FLMTECH) LOGIN Malvern-PA:0 TID=1200
24aug94 14:05:27 #9 (FLMTECH) RUN (FLMTECH)INIT
24aug94 14:05:30 #9 (FLMTECH) RUN (TNT)PAPER
24aug94 14:05:30 #9 (FLMTECH) RUNLIC 12,,0
24aug94 14:05:31 #9 (FLMTECH) SETNAM 1022F4
24aug94 14:20:01 #28 (FLMTECH) RUN (SYS)LOGOUT
24aug94 14:20:01 #28 (FLMTECH) RUNLIC 547000,,0
24aug94 14:20:01 #28 (FLMTECH) RUN (MPL)ZEN
24aug94 14:20:01 #28 (FLMTECH) RUN (SYS)LOGOUT
24aug94 14:20:01 #28 (FLMTECH) RUNLIC 547000,,0
24aug94 14:20:01 #28 (FLMTECH) LOGOUT TRUs = 500.7
24aug94 14:28:00 #65 (FLMTECH) RUN (SYS)LOGOUT
24aug94 14:28:00 #65 (FLMTECH) RUNLIC 547012,,40012
24aug94 14:28:00 #65 (FLMTECH) RUN (MPL)ZEN
24aug94 14:28:00 #65 (FLMTECH) RUNLIC 40012,,40012
24aug94 14:28:00 #65 (FLMTECH) RUN (SYS)LOGOUT
24aug94 14:28:00 #65 (FLMTECH) RUNLIC 547012,,40012
24aug94 14:28:00 #65 (FLMTECH) LOGOUT TRUs = 310.3
24aug94 14:35:13 #38 (FLMTECH) LOGIN Malvern-PA:0 TID=1200
24aug94 14:35:14 #38 (FLMTECH) RUN (FLMTECH)INIT
24aug94 14:35:17 #38 (FLMTECH) RUN (SYS)OPER
24aug94 14:35:17 #38 (FLMTECH) RUNLIC 775717,,0
24aug94 14:35:23 #38 (FLMTECH) SETLIC (SYS)OPER LIC=775717,,40012
24aug94 14:35:23 #38 (FLMTECH) TATTLE OPER JAPARKER 775612 (40012) okay
24aug94 14:35:23 #38 (FLMTECH) NEXIT (SYS)OPER
24aug94 14:35:38 #38 (FLMTECH) RUN (SYS)GFD
24aug94 14:35:38 #38 (FLMTECH) RUNLIC 45012,,40012
24aug94 14:35:38 #38 (FLMTECH) NEXIT (SYS)GFD
24aug94 14:35:41 #38 (FLMTECH) RUN (TNT)PAPER
24aug94 14:35:41 #38 (FLMTECH) RUNLIC 40012,,40012
24aug94 14:35:41 #38 (FLMTECH) SETNAM 1022F4
24aug94 14:36:25 #15 (FLMTECH) LOGIN Malvern-PA:0 TID=1200
24aug94 14:36:26 #15 (FLMTECH) RUN (FLMTECH)INIT
24aug94 14:36:48 #15 (FLMTECH) RUN (TNT)PAPER
24aug94 14:36:48 #15 (FLMTECH) RUNLIC 12,,0
24aug94 14:36:49 #15 (FLMTECH) SETNAM 1022F4
24aug94 14:53:00 #15 (FLMTECH) RUN (SYS)LOGOUT
24aug94 14:53:00 #15 (FLMTECH) RUNLIC 547000,,0
24aug94 14:53:01 #15 (FLMTECH) RUN (MPL)ZEN
24aug94 14:53:01 #15 (FLMTECH) RUN (SYS)LOGOUT
24aug94 14:53:01 #15 (FLMTECH) RUNLIC 547000,,0
24aug94 14:53:01 #15 (FLMTECH) LOGOUT TRUs = 82.8
24aug94 15:02:01 #9 (FLMTECH) RUN (SYS)LOGOUT
24aug94 15:02:01 #9 (FLMTECH) RUNLIC 547000,,0
24aug94 15:02:01 #9 (FLMTECH) RUN (MPL)ZEN
24aug94 15:02:01 #9 (FLMTECH) RUN (SYS)LOGOUT
24aug94 15:02:01 #9 (FLMTECH) RUNLIC 547000,,0
24aug94 15:02:01 #9 (FLMTECH) LOGOUT TRUs = 2090.9
24aug94 15:04:00 #38 (FLMTECH) RUN (SYS)LOGOUT
24aug94 15:04:00 #38 (FLMTECH) RUNLIC 547012,,40012
24aug94 15:04:01 #38 (FLMTECH) RUN (MPL)ZEN
24aug94 15:04:01 #38 (FLMTECH) RUNLIC 40012,,40012
24aug94 15:04:01 #38 (FLMTECH) RUN (SYS)LOGOUT
24aug94 15:04:01 #38 (FLMTECH) RUNLIC 547012,,40012
24aug94 15:04:01 #38 (FLMTECH) LOGOUT TRUs = 311.9
24aug94 15:16:08 #13 (FLMTECH) LOGIN Malvern-PA:0 TID=1200
24aug94 15:16:08 #13 (FLMTECH) RUN (FLMTECH)INIT
24aug94 15:16:21 #13 (FLMTECH) RUN (TNT)PAPER
24aug94 15:16:21 #13 (FLMTECH) RUNLIC 12,,0
24aug94 15:16:21 #13 (FLMTECH) SETNAM 1022F4
24aug94 15:16:39 #13 (FLMTECH) RUN (TNT)PAPER
24aug94 15:16:39 #13 (FLMTECH) RUNLIC 12,,0
24aug94 15:16:42 #13 (FLMTECH) SETNAM 1022F4
24aug94 15:24:54 #16 (FLMTECH) LOGIN Malvern-PA:0 TID=1200
24aug94 15:24:55 #16 (FLMTECH) RUN (FLMTECH)INIT
24aug94 15:24:58 #16 (FLMTECH) RUN (SYS)OPER
24aug94 15:24:58 #16 (FLMTECH) RUNLIC 775717,,0
24aug94 15:25:04 #16 (FLMTECH) SETLIC (SYS)OPER LIC=775717,,40012
24aug94 15:25:04 #16 (FLMTECH) TATTLE OPER JAPARKER 775612 (40012) okay
24aug94 15:25:04 #16 (FLMTECH) NEXIT (SYS)OPER
24aug94 15:25:21 #16 (FLMTECH) RUN (SYS)GFD
24aug94 15:25:21 #16 (FLMTECH) RUNLIC 45012,,40012
24aug94 15:25:22 #16 (FLMTECH) NEXIT (SYS)GFD
24aug94 15:25:27 #16 (FLMTECH) RUN (TNT)PAPER
24aug94 15:25:27 #16 (FLMTECH) RUNLIC 40012,,40012
24aug94 15:25:27 #16 (FLMTECH) SETNAM 1022F4
24aug94 15:45:01 #13 (FLMTECH) RUN (SYS)LOGOUT
24aug94 15:45:01 #13 (FLMTECH) RUNLIC 547000,,0
24aug94 15:45:01 #13 (FLMTECH) RUN (MPL)ZEN
24aug94 15:45:01 #13 (FLMTECH) RUN (SYS)LOGOUT
24aug94 15:45:01 #13 (FLMTECH) RUNLIC 547000,,0
24aug94 15:45:01 #13 (FLMTECH) LOGOUT TRUs = 440.3
24aug94 16:13:13 #12 (FLMTECH) LOGIN Malvern-PA:0 TID=1200
24aug94 16:13:13 #12 (FLMTECH) RUN (FLMTECH)INIT
24aug94 16:13:18 #12 (FLMTECH) RUN (TNT)PAPER
24aug94 16:13:18 #12 (FLMTECH) RUNLIC 12,,0
24aug94 16:13:18 #12 (FLMTECH) SETNAM 1022F4
24aug94 16:29:01 #12 (FLMTECH) RUN (SYS)LOGOUT
24aug94 16:29:01 #12 (FLMTECH) RUNLIC 547000,,0
24aug94 16:29:01 #12 (FLMTECH) RUN (MPL)ZEN
24aug94 16:29:01 #12 (FLMTECH) RUN (SYS)LOGOUT
24aug94 16:29:01 #12 (FLMTECH) RUNLIC 547000,,0
24aug94 16:29:01 #12 (FLMTECH) LOGOUT TRUs = 85.5
24aug94 16:39:01 #16 (FLMTECH) RUN (SYS)LOGOUT
24aug94 16:39:01 #16 (FLMTECH) RUNLIC 547012,,40012
24aug94 16:39:01 #16 (FLMTECH) RUN (MPL)ZEN
24aug94 16:39:01 #16 (FLMTECH) RUNLIC 40012,,40012
24aug94 16:39:01 #16 (FLMTECH) RUN (SYS)LOGOUT
24aug94 16:39:01 #16 (FLMTECH) RUNLIC 547012,,40012
24aug94 16:39:01 #16 (FLMTECH) LOGOUT TRUs = 953.5
24aug94 17:02:02 #26 (FLMTECH) LOGIN Malvern-PA:0 TID=1200
24aug94 17:02:02 #26 (FLMTECH) RUN (FLMTECH)INIT
24aug94 17:02:09 #26 (FLMTECH) RUN (SYS)OPER
24aug94 17:02:09 #26 (FLMTECH) RUNLIC 775717,,0
24aug94 17:02:14 #26 (FLMTECH) SETLIC (SYS)OPER LIC=775717,,40012
24aug94 17:02:14 #26 (FLMTECH) TATTLE OPER JAPARKER 775612 (40012) okay
24aug94 17:02:14 #26 (FLMTECH) NEXIT (SYS)OPER
24aug94 17:02:28 #26 (FLMTECH) RUN (SYS)GFD
24aug94 17:02:28 #26 (FLMTECH) RUNLIC 45012,,40012
24aug94 17:02:29 #26 (FLMTECH) NEXIT (SYS)GFD
24aug94 17:02:31 #26 (FLMTECH) RUN (TNT)PAPER
24aug94 17:02:31 #26 (FLMTECH) RUNLIC 40012,,40012
24aug94 17:02:31 #26 (FLMTECH) SETNAM 1022F4
24aug94 17:08:44 #13 (FLMTECH) LOGIN Malvern-PA:0 TID=1200
24aug94 17:08:45 #13 (FLMTECH) RUN (FLMTECH)INIT
24aug94 17:08:52 #13 (FLMTECH) RUN (TNT)PAPER
24aug94 17:08:52 #13 (FLMTECH) RUNLIC 12,,0
24aug94 17:08:53 #13 (FLMTECH) SETNAM 1022F4
24aug94 18:11:47 #59 (FLMTECH) RUN (SYS)LOGOUT
24aug94 18:11:47 #59 (FLMTECH) RUNLIC 547000,,0
24aug94 18:11:47 #59 (FLMTECH) RUN (MPL)ZEN
24aug94 18:11:47 #59 (FLMTECH) RUN (SYS)LOGOUT
24aug94 18:11:47 #59 (FLMTECH) RUNLIC 547000,,0
24aug94 18:11:47 #59 (FLMTECH) LOGOUT TRUs = 156322.0
24aug94 18:20:42 #26 (FLMTECH) RUN (TNT)PAPER
24aug94 18:20:42 #26 (FLMTECH) RUNLIC 40012,,40012
24aug94 18:20:43 #26 (FLMTECH) SETNAM 1022F4
24aug94 18:21:49 #55 (FLMTECH) LOGIN Malvern-PA:0 TID=1200
24aug94 18:21:50 #55 (FLMTECH) RUN (FLMTECH)INIT
24aug94 18:22:02 #55 (FLMTECH) RUN (TNT)PAPER
24aug94 18:22:02 #55 (FLMTECH) RUNLIC 12,,0
24aug94 18:22:03 #55 (FLMTECH) SETNAM 1022F4
24aug94 19:51:00 #13 (FLMTECH) RUN (SYS)LOGOUT
24aug94 19:51:00 #13 (FLMTECH) RUNLIC 547000,,0
24aug94 19:51:01 #13 (FLMTECH) RUN (MPL)ZEN
24aug94 19:51:01 #13 (FLMTECH) RUN (SYS)LOGOUT
24aug94 19:51:01 #13 (FLMTECH) RUNLIC 547000,,0
24aug94 19:51:01 #13 (FLMTECH) LOGOUT TRUs = 1397.1
24aug94 19:59:12 #26 (FLMTECH) RUN (SYS)LOGOUT
24aug94 19:59:12 #26 (FLMTECH) RUNLIC 547012,,40012
24aug94 19:59:12 #26 (FLMTECH) RUN (MPL)ZEN
24aug94 19:59:12 #26 (FLMTECH) RUNLIC 40012,,40012
24aug94 19:59:13 #26 (FLMTECH) RUN (SYS)LOGOUT
24aug94 19:59:13 #26 (FLMTECH) RUNLIC 547012,,40012
24aug94 19:59:13 #26 (FLMTECH) LOGOUT TRUs = 2779.4
25aug94  4:36:58 #70 (FLMTECH) LOGIN Malvern-PA:0 TID=1200
25aug94  4:37:00 #70 (FLMTECH) RUN (FLMTECH)INIT
25aug94  4:37:11 #70 (FLMTECH) RUN (SYS)RPG
25aug94  4:37:11 #70 (FLMTECH) RUNLIC 2000,,0
25aug94  4:37:11 #70 (FLMTECH) NEXIT (SYS)RPG
25aug94  4:37:16 #70 (FLMTECH) RUN (TNT)PAPER
25aug94  4:37:16 #70 (FLMTECH) RUNLIC 12,,0
25aug94  4:37:17 #70 (FLMTECH) SETNAM 1022F4
25aug94  5:17:45 #68 (FLMTECH) LOGIN Malvern-PA:0 TID=1200
25aug94  5:17:46 #68 (FLMTECH) RUN (FLMTECH)INIT
25aug94  5:18:24 #68 (FLMTECH) RUN (TNT)PAPER
25aug94  5:18:24 #68 (FLMTECH) RUNLIC 12,,0
25aug94  5:18:24 #68 (FLMTECH) SETNAM 1022F4
25aug94  5:36:23 #47 (FLMTECH) LOGIN Malvern-PA:0 TID=1200
25aug94  5:36:24 #47 (FLMTECH) RUN (FLMTECH)INIT
25aug94  5:36:30 #47 (FLMTECH) RUN (SYS)RPG
25aug94  5:36:30 #47 (FLMTECH) RUNLIC 2000,,0
25aug94  5:36:30 #47 (FLMTECH) NEXIT (SYS)RPG
25aug94  5:36:38 #47 (FLMTECH) RUN (TNT)PAPER
25aug94  5:36:38 #47 (FLMTECH) RUNLIC 12,,0
25aug94  5:36:39 #47 (FLMTECH) SETNAM 1022F4
25aug94  5:37:34 #47 (FLMTECH) RUN (TNT)PAPER
25aug94  5:37:34 #47 (FLMTECH) RUNLIC 12,,0
25aug94  5:37:36 #47 (FLMTECH) SETNAM 1022F4
25aug94  5:57:01 #70 (FLMTECH) RUN (SYS)LOGOUT
25aug94  5:57:01 #70 (FLMTECH) RUNLIC 547000,,0
25aug94  5:57:01 #70 (FLMTECH) RUN (MPL)ZEN
25aug94  5:57:01 #70 (FLMTECH) RUN (SYS)LOGOUT
25aug94  5:57:01 #70 (FLMTECH) RUNLIC 547000,,0
25aug94  5:57:01 #70 (FLMTECH) LOGOUT TRUs = 588.4
25aug94  6:10:01 #47 (FLMTECH) RUN (SYS)LOGOUT
25aug94  6:10:01 #47 (FLMTECH) RUNLIC 547000,,0
25aug94  6:10:01 #47 (FLMTECH) RUN (MPL)ZEN
25aug94  6:10:01 #47 (FLMTECH) RUN (SYS)LOGOUT
25aug94  6:10:01 #47 (FLMTECH) RUNLIC 547000,,0
25aug94  6:10:01 #47 (FLMTECH) LOGOUT TRUs = 271.3
25aug94  6:17:06 #94 (FLMTECH) LOGIN Malvern-PA:0 TID=1200
25aug94  6:17:07 #94 (FLMTECH) RUN (FLMTECH)INIT
25aug94  6:19:45 #94 (FLMTECH) RUN (SYS)RPG
25aug94  6:19:45 #94 (FLMTECH) RUNLIC 2000,,0
25aug94  6:19:45 #94 (FLMTECH) NEXIT (SYS)RPG
25aug94  6:19:50 #94 (FLMTECH) RUN (TNT)PAPER
25aug94  6:19:50 #94 (FLMTECH) RUNLIC 12,,0
25aug94  6:19:51 #94 (FLMTECH) SETNAM 1022F4
25aug94  6:25:22 #61 (FLMTECH) LOGIN  -02443-  :0 TID=1200
25aug94  6:25:23 #61 (FLMTECH) RUN (FLMTECH)INIT
25aug94  6:25:29 #61 (FLMTECH) RUN (TNT)PAPER
25aug94  6:25:29 #61 (FLMTECH) RUNLIC 12,,0
25aug94  6:25:30 #61 (FLMTECH) SETNAM 1022F4
25aug94  6:58:00 #61 (FLMTECH) RUN (SYS)LOGOUT
25aug94  6:58:00 #61 (FLMTECH) RUNLIC 547000,,0
25aug94  6:58:01 #61 (FLMTECH) RUN (MPL)ZEN
25aug94  6:58:01 #61 (FLMTECH) RUN (SYS)LOGOUT
25aug94  6:58:01 #61 (FLMTECH) RUNLIC 547000,,0
25aug94  6:58:01 #61 (FLMTECH) LOGOUT TRUs = 286.6
25aug94  6:58:29 #84 (FLMTECH) LOGIN  -02443-  :0 TID=1200
25aug94  6:58:29 #84 (FLMTECH) RUN (FLMTECH)INIT
25aug94  6:58:36 #84 (FLMTECH) RUN (TNT)PAPER
25aug94  6:58:36 #84 (FLMTECH) RUNLIC 12,,0
25aug94  6:58:37 #84 (FLMTECH) SETNAM 1022F4
25aug94  7:20:28 #15 (FLMTECH) LOGIN Malvern-PA:0 TID=1200
25aug94  7:20:28 #15 (FLMTECH) RUN (FLMTECH)INIT
25aug94  7:20:31 #15 (FLMTECH) RUN (SYS)RPG
25aug94  7:20:31 #15 (FLMTECH) RUNLIC 2000,,0
25aug94  7:20:32 #15 (FLMTECH) NEXIT (SYS)RPG
25aug94  7:20:38 #15 (FLMTECH) RUN (TNT)PAPER
25aug94  7:20:38 #15 (FLMTECH) RUNLIC 12,,0
25aug94  7:20:39 #15 (FLMTECH) SETNAM 1022F4
25aug94  7:24:02 #68 (FLMTECH) RUN (SYS)LOGOUT
25aug94  7:24:02 #68 (FLMTECH) RUNLIC 547000,,0
25aug94  7:24:02 #68 (FLMTECH) RUN (MPL)ZEN
25aug94  7:24:03 #68 (FLMTECH) RUN (SYS)LOGOUT
25aug94  7:24:03 #68 (FLMTECH) RUNLIC 547000,,0
25aug94  7:24:03 #68 (FLMTECH) LOGOUT TRUs = 1276.9
25aug94  7:35:01 #94 (FLMTECH) RUN (SYS)LOGOUT
25aug94  7:35:01 #94 (FLMTECH) RUNLIC 547000,,0
25aug94  7:35:02 #94 (FLMTECH) RUN (MPL)ZEN
25aug94  7:35:02 #94 (FLMTECH) RUN (SYS)LOGOUT
25aug94  7:35:02 #94 (FLMTECH) RUNLIC 547000,,0
25aug94  7:35:02 #94 (FLMTECH) LOGOUT TRUs = 385.5
25aug94  7:42:01 #84 (FLMTECH) RUN (SYS)LOGOUT
25aug94  7:42:01 #84 (FLMTECH) RUNLIC 547000,,0
25aug94  7:42:01 #84 (FLMTECH) RUN (MPL)ZEN
25aug94  7:42:01 #84 (FLMTECH) RUN (SYS)LOGOUT
25aug94  7:42:01 #84 (FLMTECH) RUNLIC 547000,,0
25aug94  7:42:01 #84 (FLMTECH) LOGOUT TRUs = 285.8
25aug94  7:50:38 #87 (FLMTECH) LOGIN  -02443-  :0 TID=1200
25aug94  7:50:39 #87 (FLMTECH) RUN (FLMTECH)INIT
25aug94  7:50:54 #87 (FLMTECH) RUN (TNT)PAPER
25aug94  7:50:54 #87 (FLMTECH) RUNLIC 12,,0
25aug94  7:50:55 #87 (FLMTECH) SETNAM 1022F4
25aug94  8:19:54 #102 (FLMTECH) LOGIN Malvern-PA:0 TID=1200
25aug94  8:19:55 #102 (FLMTECH) RUN (FLMTECH)INIT
25aug94  8:20:00 #102 (FLMTECH) RUN (SYS)RPG
25aug94  8:20:00 #102 (FLMTECH) RUNLIC 2000,,0
25aug94  8:20:00 #102 (FLMTECH) NEXIT (SYS)RPG
25aug94  8:20:21 #102 (FLMTECH) RUN (TNT)PAPER
25aug94  8:20:21 #102 (FLMTECH) RUNLIC 12,,0
25aug94  8:20:21 #102 (FLMTECH) SETNAM 1022F4
25aug94  8:25:53 #97 (FLMTECH) LOGIN Malvern-PA:0 TID=1200
25aug94  8:25:54 #97 (FLMTECH) RUN (FLMTECH)INIT
25aug94  8:26:03 #97 (FLMTECH) RUN (TNT)PAPER
25aug94  8:26:03 #97 (FLMTECH) RUNLIC 12,,0
25aug94  8:26:03 #97 (FLMTECH) SETNAM 1022F4
25aug94  8:41:03 #87 (FLMTECH) RUN (SYS)LOGOUT
25aug94  8:41:03 #87 (FLMTECH) RUNLIC 547000,,0
25aug94  8:41:04 #87 (FLMTECH) RUN (MPL)ZEN
25aug94  8:41:04 #87 (FLMTECH) RUN (SYS)LOGOUT
25aug94  8:41:04 #87 (FLMTECH) RUNLIC 547000,,0
25aug94  8:41:04 #87 (FLMTECH) LOGOUT TRUs = 379.7
25aug94  8:41:39 #73 (FLMTECH) LOGIN  -02443-  :0 TID=1200
25aug94  8:41:40 #73 (FLMTECH) RUN (FLMTECH)INIT
25aug94  8:41:49 #73 (FLMTECH) RUN (TNT)PAPER
25aug94  8:41:49 #73 (FLMTECH) RUNLIC 12,,0
25aug94  8:41:50 #73 (FLMTECH) SETNAM 1022F4
25aug94  8:45:41 #102 (FLMTECH) RUN (TNT)PAPER
25aug94  8:45:41 #102 (FLMTECH) RUNLIC 12,,0
25aug94  8:45:41 #102 (FLMTECH) SETNAM 1022F4
25aug94  9:16:05 #73 (FLMTECH) RUN (SYS)LOGOUT
25aug94  9:16:05 #73 (FLMTECH) RUNLIC 547000,,0
25aug94  9:16:05 #73 (FLMTECH) RUN (MPL)ZEN
25aug94  9:16:05 #73 (FLMTECH) RUN (SYS)LOGOUT
25aug94  9:16:05 #73 (FLMTECH) RUNLIC 547000,,0
25aug94  9:16:05 #73 (FLMTECH) LOGOUT TRUs = 286.7
25aug94  9:17:02 #102 (FLMTECH) RUN (SYS)LOGOUT
25aug94  9:17:02 #102 (FLMTECH) RUNLIC 547000,,0
25aug94  9:17:02 #102 (FLMTECH) RUN (MPL)ZEN
25aug94  9:17:02 #102 (FLMTECH) RUN (SYS)LOGOUT
25aug94  9:17:02 #102 (FLMTECH) RUNLIC 547000,,0
25aug94  9:17:02 #102 (FLMTECH) LOGOUT TRUs = 551.4
25aug94  9:17:08 #19 (FLMTECH) LOGIN  -02443-  :0 TID=1200
25aug94  9:17:09 #19 (FLMTECH) RUN (FLMTECH)INIT
25aug94  9:17:15 #19 (FLMTECH) RUN (TNT)PAPER
25aug94  9:17:15 #19 (FLMTECH) RUNLIC 12,,0
25aug94  9:17:16 #19 (FLMTECH) SETNAM 1022F4
25aug94  9:18:39 #68 (FLMTECH) LOGIN Malvern-PA:0 TID=1200
25aug94  9:18:40 #68 (FLMTECH) RUN (FLMTECH)INIT
25aug94  9:18:43 #68 (FLMTECH) RUN (SYS)RPG
25aug94  9:18:43 #68 (FLMTECH) RUNLIC 2000,,0
25aug94  9:18:43 #68 (FLMTECH) NEXIT (SYS)RPG
25aug94  9:18:48 #68 (FLMTECH) RUN (TNT)PAPER
25aug94  9:18:48 #68 (FLMTECH) RUNLIC 12,,0
25aug94  9:18:50 #68 (FLMTECH) SETNAM 1022F4
25aug94  9:51:19 #64 (FLMTECH) LOGIN Malvern-PA:0 TID=1200
25aug94  9:51:20 #64 (FLMTECH) RUN (FLMTECH)INIT
25aug94  9:51:25 #64 (FLMTECH) RUN (TNT)PAPER
25aug94  9:51:25 #64 (FLMTECH) RUNLIC 12,,0
25aug94  9:51:25 #64 (FLMTECH) SETNAM 1022F4
25aug94 10:06:08 #61 (FLMTECH) LOGIN Malvern-PA:0 TID=1200
25aug94 10:06:08 #61 (FLMTECH) RUN (FLMTECH)INIT
25aug94 10:06:13 #61 (FLMTECH) RUN (SYS)OPER
25aug94 10:06:13 #61 (FLMTECH) RUNLIC 775717,,0
25aug94 10:06:17 #61 (FLMTECH) SETLIC (SYS)OPER LIC=775717,,40012
25aug94 10:06:17 #61 (FLMTECH) TATTLE OPER JAPARKER 775612 (40012) okay
25aug94 10:06:17 #61 (FLMTECH) NEXIT (SYS)OPER
25aug94 10:06:25 #61 (FLMTECH) RUN (SYS)GFD
25aug94 10:06:25 #61 (FLMTECH) RUNLIC 45012,,40012
25aug94 10:06:25 #61 (FLMTECH) NEXIT (SYS)GFD
25aug94 10:06:30 #61 (FLMTECH) RUN (TNT)PAPER
25aug94 10:06:30 #61 (FLMTECH) RUNLIC 40012,,40012
25aug94 10:06:30 #61 (FLMTECH) SETNAM 1022F4
25aug94 10:26:01 #68 (FLMTECH) RUN (SYS)LOGOUT
25aug94 10:26:01 #68 (FLMTECH) RUNLIC 547000,,0
25aug94 10:26:01 #68 (FLMTECH) RUN (MPL)ZEN
25aug94 10:26:01 #68 (FLMTECH) RUN (SYS)LOGOUT
25aug94 10:26:01 #68 (FLMTECH) RUNLIC 547000,,0
25aug94 10:26:01 #68 (FLMTECH) LOGOUT TRUs = 503.9
25aug94 10:31:02 #19 (FLMTECH) RUN (SYS)LOGOUT
25aug94 10:31:02 #19 (FLMTECH) RUNLIC 547000,,0
25aug94 10:31:03 #19 (FLMTECH) RUN (MPL)ZEN
25aug94 10:31:03 #19 (FLMTECH) RUN (SYS)LOGOUT
25aug94 10:31:03 #19 (FLMTECH) RUNLIC 547000,,0
25aug94 10:31:03 #19 (FLMTECH) LOGOUT TRUs = 947.3
25aug94 10:35:34 #44 (FLMTECH) LOGIN  -02443-  :0 TID=1200
25aug94 10:35:34 #44 (FLMTECH) RUN (FLMTECH)INIT
25aug94 10:35:41 #44 (FLMTECH) RUN (TNT)PAPER
25aug94 10:35:41 #44 (FLMTECH) RUNLIC 12,,0
25aug94 10:35:41 #44 (FLMTECH) SETNAM 1022F4
25aug94 10:40:40 #97 (FLMTECH) RUN (TNT)PAPER
25aug94 10:40:40 #97 (FLMTECH) RUNLIC 12,,0
25aug94 10:40:40 #97 (FLMTECH) SETNAM 1022F4
25aug94 10:57:01 #64 (FLMTECH) RUN (SYS)LOGOUT
25aug94 10:57:01 #64 (FLMTECH) RUNLIC 547000,,0
25aug94 10:57:02 #64 (FLMTECH) RUN (MPL)ZEN
25aug94 10:57:02 #64 (FLMTECH) RUN (SYS)LOGOUT
25aug94 10:57:02 #64 (FLMTECH) RUNLIC 547000,,0
25aug94 10:57:02 #64 (FLMTECH) LOGOUT TRUs = 1351.9
25aug94 11:16:24 #44 (FLMTECH) RUN (TNT)PAPER
25aug94 11:16:24 #44 (FLMTECH) RUNLIC 12,,0
25aug94 11:16:25 #44 (FLMTECH) SETNAM 1022F4
25aug94 11:17:01 #61 (FLMTECH) RUN (SYS)LOGOUT
25aug94 11:17:01 #61 (FLMTECH) RUNLIC 547012,,40012
25aug94 11:17:01 #61 (FLMTECH) RUN (MPL)ZEN
25aug94 11:17:01 #61 (FLMTECH) RUNLIC 40012,,40012
25aug94 11:17:01 #61 (FLMTECH) RUN (SYS)LOGOUT
25aug94 11:17:01 #61 (FLMTECH) RUNLIC 547012,,40012
25aug94 11:17:01 #61 (FLMTECH) LOGOUT TRUs = 393.2
25aug94 11:19:05 #97 (FLMTECH) RUN (TNT)PAPER
25aug94 11:19:05 #97 (FLMTECH) RUNLIC 12,,0
25aug94 11:19:05 #97 (FLMTECH) SETNAM 1022F4
25aug94 11:22:34 #24 (FLMTECH) LOGIN Malvern-PA:0 TID=1200
25aug94 11:22:35 #24 (FLMTECH) RUN (FLMTECH)INIT
25aug94 11:22:44 #70 (FLMTECH) LOGIN Malvern-PA:0 TID=1200
25aug94 11:22:45 #70 (FLMTECH) RUN (FLMTECH)INIT
25aug94 11:22:46 #70 (FLMTECH) RUN (SYS)OPER
25aug94 11:22:46 #70 (FLMTECH) RUNLIC 775717,,0
25aug94 11:22:51 #70 (FLMTECH) TATTLE OPER JAPARKER 775617 (0) bad pswd:212757423
25aug94 11:22:51 #70 (FLMTECH) NEXIT (SYS)OPER
25aug94 11:22:53 #70 (FLMTECH) RUN (SYS)OPER
25aug94 11:22:53 #70 (FLMTECH) RUNLIC 775717,,0
25aug94 11:23:01 #70 (FLMTECH) SETLIC (SYS)OPER LIC=775717,,40012
25aug94 11:23:01 #70 (FLMTECH) TATTLE OPER JAPARKER 775612 (40012) okay
25aug94 11:23:01 #70 (FLMTECH) NEXIT (SYS)OPER
25aug94 11:23:08 #70 (FLMTECH) RUN (SYS)GFD
25aug94 11:23:08 #70 (FLMTECH) RUNLIC 45012,,40012
25aug94 11:23:09 #70 (FLMTECH) NEXIT (SYS)GFD
25aug94 11:23:11 #70 (FLMTECH) RUN (TNT)PAPER
25aug94 11:23:11 #70 (FLMTECH) RUNLIC 40012,,40012
25aug94 11:23:11 #70 (FLMTECH) SETNAM 1022F4
25aug94 11:23:26 #24 (FLMTECH) RUN (TNT)PAPER
25aug94 11:23:26 #24 (FLMTECH) RUNLIC 12,,0
25aug94 11:23:26 #24 (FLMTECH) SETNAM 1022F4
25aug94 11:29:01 #15 (FLMTECH) RUN (SYS)LOGOUT
25aug94 11:29:01 #15 (FLMTECH) RUNLIC 547000,,0
25aug94 11:29:01 #15 (FLMTECH) RUN (MPL)ZEN
25aug94 11:29:01 #15 (FLMTECH) RUN (SYS)LOGOUT
25aug94 11:29:01 #15 (FLMTECH) RUNLIC 547000,,0
25aug94 11:29:01 #15 (FLMTECH) LOGOUT TRUs = 2068.7
25aug94 11:31:21 #42 (FLMTECH) LOGIN Malvern-PA:0 TID=1200
25aug94 11:31:22 #42 (FLMTECH) RUN (FLMTECH)INIT
25aug94 11:31:24 #42 (FLMTECH) RUN (SYS)RPG
25aug94 11:31:24 #42 (FLMTECH) RUNLIC 2000,,0
25aug94 11:31:24 #42 (FLMTECH) NEXIT (SYS)RPG
25aug94 11:31:29 #42 (FLMTECH) RUN (TNT)PAPER
25aug94 11:31:29 #42 (FLMTECH) RUNLIC 12,,0
25aug94 11:31:29 #42 (FLMTECH) SETNAM 1022F4
25aug94 11:36:58 #46 (FLMTECH) LOGIN Malvern-PA:0 TID=1200
25aug94 11:36:59 #46 (FLMTECH) RUN (FLMTECH)INIT
25aug94 11:37:12 #46 (FLMTECH) RUN (SYS)RPG
25aug94 11:37:12 #46 (FLMTECH) RUNLIC 2000,,0
25aug94 11:37:12 #46 (FLMTECH) NEXIT (SYS)RPG
25aug94 11:37:17 #46 (FLMTECH) RUN (TNT)PAPER
25aug94 11:37:17 #46 (FLMTECH) RUNLIC 12,,0
25aug94 11:37:18 #46 (FLMTECH) SETNAM 1022F4
25aug94 11:39:00 #55 (FLMTECH) RUN (SYS)LOGOUT
25aug94 11:39:00 #55 (FLMTECH) RUNLIC 547000,,0
25aug94 11:39:01 #55 (FLMTECH) RUN (MPL)ZEN
25aug94 11:39:01 #55 (FLMTECH) RUN (SYS)LOGOUT
25aug94 11:39:01 #55 (FLMTECH) RUNLIC 547000,,0
25aug94 11:39:01 #55 (FLMTECH) LOGOUT TRUs = 120694.9
25aug94 11:56:02 #24 (FLMTECH) RUN (SYS)LOGOUT
25aug94 11:56:02 #24 (FLMTECH) RUNLIC 547000,,0
25aug94 11:56:02 #24 (FLMTECH) RUN (MPL)ZEN
25aug94 11:56:02 #24 (FLMTECH) RUN (SYS)LOGOUT
25aug94 11:56:02 #24 (FLMTECH) RUNLIC 547000,,0
25aug94 11:56:02 #24 (FLMTECH) LOGOUT TRUs = 245.8
25aug94 12:06:55 #29 (FLMTECH) LOGIN Malvern-PA:0 TID=1200
25aug94 12:06:56 #29 (FLMTECH) RUN (FLMTECH)INIT
25aug94 12:07:03 #29 (FLMTECH) RUN (TNT)PAPER
25aug94 12:07:03 #29 (FLMTECH) RUNLIC 12,,0
25aug94 12:07:04 #29 (FLMTECH) SETNAM 1022F4
25aug94 12:19:01 #42 (FLMTECH) RUN (SYS)LOGOUT
25aug94 12:19:01 #42 (FLMTECH) RUNLIC 547000,,0
25aug94 12:19:01 #42 (FLMTECH) RUN (MPL)ZEN
25aug94 12:19:01 #42 (FLMTECH) RUN (SYS)LOGOUT
25aug94 12:19:01 #42 (FLMTECH) RUNLIC 547000,,0
25aug94 12:19:01 #42 (FLMTECH) LOGOUT TRUs = 198.7
25aug94 12:22:01 #46 (FLMTECH) RUN (SYS)LOGOUT
25aug94 12:22:01 #46 (FLMTECH) RUNLIC 547000,,0
25aug94 12:22:01 #46 (FLMTECH) RUN (MPL)ZEN
25aug94 12:22:01 #46 (FLMTECH) RUN (SYS)LOGOUT
25aug94 12:22:01 #46 (FLMTECH) RUNLIC 547000,,0
25aug94 12:22:01 #46 (FLMTECH) LOGOUT TRUs = 184.9
25aug94 12:33:01 #70 (FLMTECH) RUN (SYS)LOGOUT
25aug94 12:33:01 #70 (FLMTECH) RUNLIC 547012,,40012
25aug94 12:33:01 #70 (FLMTECH) RUN (MPL)ZEN
25aug94 12:33:01 #70 (FLMTECH) RUNLIC 40012,,40012
25aug94 12:33:01 #70 (FLMTECH) RUN (SYS)LOGOUT
25aug94 12:33:01 #70 (FLMTECH) RUNLIC 547012,,40012
25aug94 12:33:01 #70 (FLMTECH) LOGOUT TRUs = 892.2
25aug94 12:35:19 #53 (FLMTECH) LOGIN Malvern-PA:0 TID=1200
25aug94 12:35:20 #53 (FLMTECH) RUN (FLMTECH)INIT
25aug94 12:35:22 #53 (FLMTECH) RUN (SYS)OPER
25aug94 12:35:22 #53 (FLMTECH) RUNLIC 775717,,0
25aug94 12:35:30 #53 (FLMTECH) SETLIC (SYS)OPER LIC=775717,,40012
25aug94 12:35:30 #53 (FLMTECH) TATTLE OPER JAPARKER 775612 (40012) okay
25aug94 12:35:30 #53 (FLMTECH) NEXIT (SYS)OPER
25aug94 12:35:40 #53 (FLMTECH) RUN (SYS)GFD
25aug94 12:35:40 #53 (FLMTECH) RUNLIC 45012,,40012
25aug94 12:35:41 #53 (FLMTECH) NEXIT (SYS)GFD
25aug94 12:35:43 #53 (FLMTECH) RUN (TNT)PAPER
25aug94 12:35:43 #53 (FLMTECH) RUNLIC 40012,,40012
25aug94 12:35:43 #53 (FLMTECH) SETNAM 1022F4
25aug94 12:37:01 #44 (FLMTECH) RUN (SYS)LOGOUT
25aug94 12:37:01 #44 (FLMTECH) RUNLIC 547000,,0
25aug94 12:37:01 #44 (FLMTECH) RUN (MPL)ZEN
25aug94 12:37:01 #44 (FLMTECH) RUN (SYS)LOGOUT
25aug94 12:37:01 #44 (FLMTECH) RUNLIC 547000,,0
25aug94 12:37:01 #44 (FLMTECH) LOGOUT TRUs = 983.2
25aug94 12:49:29 #42 (FLMTECH) LOGIN Malvern-PA:0 TID=1200
25aug94 12:49:30 #42 (FLMTECH) RUN (FLMTECH)INIT
25aug94 12:49:37 #42 (FLMTECH) RUN (SYS)RPG
25aug94 12:49:37 #42 (FLMTECH) RUNLIC 2000,,0
25aug94 12:49:37 #42 (FLMTECH) NEXIT (SYS)RPG
25aug94 12:53:57 #42 (FLMTECH) RUN (TNT)PAPER
25aug94 12:53:57 #42 (FLMTECH) RUNLIC 12,,0
25aug94 12:53:58 #42 (FLMTECH) SETNAM 1022F4
25aug94 12:54:32 #72 (FLMTECH) LOGIN Malvern-PA:0 TID=1200
25aug94 12:54:33 #72 (FLMTECH) RUN (FLMTECH)INIT
25aug94 12:54:42 #72 (FLMTECH) RUN (SYS)RPG
25aug94 12:54:42 #72 (FLMTECH) RUNLIC 2000,,0
25aug94 12:54:42 #72 (FLMTECH) NEXIT (SYS)RPG
25aug94 12:54:54 #72 (FLMTECH) RUN (TNT)PAPER
25aug94 12:54:54 #72 (FLMTECH) RUNLIC 12,,0
25aug94 12:54:55 #72 (FLMTECH) SETNAM 1022F4
25aug94 13:03:10 #29 (FLMTECH) RUN (TNT)PAPER
25aug94 13:03:10 #29 (FLMTECH) RUNLIC 12,,0
25aug94 13:03:11 #29 (FLMTECH) SETNAM 1022F4
25aug94 13:14:02 #53 (FLMTECH) RUN (SYS)LOGOUT
25aug94 13:14:02 #53 (FLMTECH) RUNLIC 547012,,40012
25aug94 13:14:02 #53 (FLMTECH) RUN (MPL)ZEN
25aug94 13:14:02 #53 (FLMTECH) RUNLIC 40012,,40012
25aug94 13:14:02 #53 (FLMTECH) RUN (SYS)LOGOUT
25aug94 13:14:02 #53 (FLMTECH) RUNLIC 547012,,40012
25aug94 13:14:02 #53 (FLMTECH) LOGOUT TRUs = 163.4
25aug94 13:17:20 #90 (FLMTECH) LOGIN Malvern-PA:0 TID=1200
25aug94 13:17:21 #90 (FLMTECH) RUN (FLMTECH)INIT
25aug94 13:17:28 #90 (FLMTECH) RUN (SYS)OPER
25aug94 13:17:28 #90 (FLMTECH) RUNLIC 775717,,0
25aug94 13:17:33 #90 (FLMTECH) SETLIC (SYS)OPER LIC=775717,,40012
25aug94 13:17:33 #90 (FLMTECH) TATTLE OPER JAPARKER 775612 (40012) okay
25aug94 13:17:33 #90 (FLMTECH) NEXIT (SYS)OPER
25aug94 13:17:40 #90 (FLMTECH) RUN (SYS)GFD
25aug94 13:17:40 #90 (FLMTECH) RUNLIC 45012,,40012
25aug94 13:17:40 #90 (FLMTECH) NEXIT (SYS)GFD
25aug94 13:17:42 #90 (FLMTECH) RUN (TNT)PAPER
25aug94 13:17:42 #90 (FLMTECH) RUNLIC 40012,,40012
25aug94 13:17:53 #90 (FLMTECH) SETNAM 1022F4
25aug94 13:20:21 #31 (FLMTECH) LOGIN Malvern-PA:0 TID=1200
25aug94 13:20:22 #31 (FLMTECH) RUN (FLMTECH)INIT
25aug94 13:20:34 #31 (FLMTECH) RUN (TNT)PAPER
25aug94 13:20:34 #31 (FLMTECH) RUNLIC 12,,0
25aug94 13:20:35 #31 (FLMTECH) SETNAM 1022F4
25aug94 13:28:36 #36 (FLMTECH) LOGIN Malvern-PA:0 TID=1200
25aug94 13:28:37 #36 (FLMTECH) RUN (FLMTECH)INIT
25aug94 13:28:48 #36 (FLMTECH) RUN (TNT)PAPER
25aug94 13:28:48 #36 (FLMTECH) RUNLIC 12,,0
25aug94 13:28:49 #36 (FLMTECH) SETNAM 1022F4
25aug94 13:30:01 #72 (FLMTECH) RUN (SYS)LOGOUT
25aug94 13:30:01 #72 (FLMTECH) RUNLIC 547000,,0
25aug94 13:30:02 #72 (FLMTECH) RUN (MPL)ZEN
25aug94 13:30:02 #72 (FLMTECH) RUN (SYS)LOGOUT
25aug94 13:30:02 #72 (FLMTECH) RUNLIC 547000,,0
25aug94 13:30:02 #72 (FLMTECH) LOGOUT TRUs = 138.1
25aug94 13:33:12 #42 (FLMTECH) RUN (TNT)PAPER
25aug94 13:33:12 #42 (FLMTECH) RUNLIC 12,,0
25aug94 13:33:13 #42 (FLMTECH) SETNAM 1022F4
25aug94 13:33:37 #56 (FLMTECH) LOGIN Malvern-PA:0 TID=1200
25aug94 13:33:38 #56 (FLMTECH) RUN (FLMTECH)INIT
25aug94 13:33:43 #56 (FLMTECH) RUN (SYS)RPG
25aug94 13:33:43 #56 (FLMTECH) RUNLIC 2000,,0
25aug94 13:33:43 #56 (FLMTECH) NEXIT (SYS)RPG
25aug94 13:33:48 #56 (FLMTECH) RUN (TNT)PAPER
25aug94 13:33:48 #56 (FLMTECH) RUNLIC 12,,0
25aug94 13:33:51 #56 (FLMTECH) SETNAM 1022F4
25aug94 13:44:26 #69 (FLMTECH) LOGIN  -02443-  :0 TID=1200
25aug94 13:44:28 #69 (FLMTECH) RUN (FLMTECH)INIT
25aug94 13:44:36 #69 (FLMTECH) RUN (TNT)PAPER
25aug94 13:44:36 #69 (FLMTECH) RUNLIC 12,,0
25aug94 13:44:45 #69 (FLMTECH) SETNAM 1022F4
25aug94 13:54:02 #97 (FLMTECH) RUN (SYS)LOGOUT
25aug94 13:54:02 #97 (FLMTECH) RUNLIC 547000,,0
25aug94 13:54:02 #29 (FLMTECH) RUN (SYS)LOGOUT
25aug94 13:54:02 #29 (FLMTECH) RUNLIC 547000,,0
25aug94 13:54:02 #29 (FLMTECH) RUN (MPL)ZEN
25aug94 13:54:02 #97 (FLMTECH) RUN (MPL)ZEN
25aug94 13:54:03 #97 (FLMTECH) RUN (SYS)LOGOUT
25aug94 13:54:03 #97 (FLMTECH) RUNLIC 547000,,0
25aug94 13:54:03 #97 (FLMTECH) LOGOUT TRUs = 7348.5
25aug94 13:54:03 #29 (FLMTECH) RUN (SYS)LOGOUT
25aug94 13:54:03 #29 (FLMTECH) RUNLIC 547000,,0
25aug94 13:54:03 #29 (FLMTECH) LOGOUT TRUs = 1431.2
25aug94 13:57:42 #31 (FLMTECH) RUN (SYS)LOGOUT
25aug94 13:57:42 #31 (FLMTECH) RUNLIC 547000,,0
25aug94 13:57:42 #31 (FLMTECH) RUN (MPL)ZEN
25aug94 13:57:42 #31 (FLMTECH) RUN (SYS)LOGOUT
25aug94 13:57:42 #31 (FLMTECH) RUNLIC 547000,,0
25aug94 13:57:42 #31 (FLMTECH) LOGOUT TRUs = 4319.6
25aug94 13:57:47 #36 (FLMTECH) RUN (SYS)LOGOUT
25aug94 13:57:47 #36 (FLMTECH) RUNLIC 547000,,0
25aug94 13:57:48 #36 (FLMTECH) RUN (MPL)ZEN
25aug94 13:57:48 #36 (FLMTECH) RUN (SYS)LOGOUT
25aug94 13:57:48 #36 (FLMTECH) RUNLIC 547000,,0
25aug94 13:57:48 #36 (FLMTECH) LOGOUT TRUs = 3754.8
25aug94 14:07:01 #42 (FLMTECH) RUN (SYS)LOGOUT
25aug94 14:07:01 #42 (FLMTECH) RUNLIC 547000,,0
25aug94 14:07:01 #42 (FLMTECH) RUN (MPL)ZEN
25aug94 14:07:01 #42 (FLMTECH) RUN (SYS)LOGOUT
25aug94 14:07:01 #42 (FLMTECH) RUNLIC 547000,,0
25aug94 14:07:01 #42 (FLMTECH) LOGOUT TRUs = 872.9
25aug94 14:26:01 #56 (FLMTECH) RUN (SYS)LOGOUT
25aug94 14:26:01 #56 (FLMTECH) RUNLIC 547000,,0
25aug94 14:26:01 #56 (FLMTECH) RUN (MPL)ZEN
25aug94 14:26:01 #56 (FLMTECH) RUN (SYS)LOGOUT
25aug94 14:26:01 #56 (FLMTECH) RUNLIC 547000,,0
25aug94 14:26:01 #56 (FLMTECH) LOGOUT TRUs = 264.1
25aug94 14:58:59 #69 (FLMTECH) RUN (SYS)LOGOUT
25aug94 14:58:59 #69 (FLMTECH) RUNLIC 547000,,0
25aug94 14:59:00 #69 (FLMTECH) RUN (MPL)ZEN
25aug94 14:59:00 #69 (FLMTECH) RUN (SYS)LOGOUT
25aug94 14:59:00 #69 (FLMTECH) RUNLIC 547000,,0
25aug94 14:59:00 #69 (FLMTECH) LOGOUT TRUs = 1907.9
25aug94 15:52:16 #90 (FLMTECH) RUN (TNT)PAPER
25aug94 15:52:16 #90 (FLMTECH) RUNLIC 40012,,40012
25aug94 15:52:16 #90 (FLMTECH) SETNAM 1022F4
25aug94 16:00:06 #41 (FLMTECH) LOGIN  -03557-  :0 TID='24
25aug94 16:00:07 #41 (FLMTECH) RUN (FLMTECH)INIT
25aug94 16:00:17 #41 (FLMTECH) RUN (SYS)LOGOUT
25aug94 16:00:17 #41 (FLMTECH) RUNLIC 547000,,0
25aug94 16:00:17 #41 (FLMTECH) RUN (MPL)ZEN
25aug94 16:00:18 #41 (FLMTECH) RUN (SYS)LOGOUT
25aug94 16:00:18 #41 (FLMTECH) RUNLIC 547000,,0
25aug94 16:00:18 #41 (FLMTECH) LOGOUT TRUs = 5.7
25aug94 16:37:22 #90 (FLMTECH) RUN (TNT)PAPER
25aug94 16:37:22 #90 (FLMTECH) RUNLIC 40012,,40012
25aug94 16:37:23 #90 (FLMTECH) SETNAM 1022F4
25aug94 16:39:31 #90 (FLMTECH) RUN (TNT)PAPER
25aug94 16:39:31 #90 (FLMTECH) RUNLIC 40012,,40012
25aug94 16:39:31 #90 (FLMTECH) SETNAM 1022F4
  V*6c